This is pdfTeX, Version 3.14159265-2.6-1.40.16 (TeX Live 2015) (preloaded format=pdflatex 2016.1.4)  11 DEC 2024 22:45
entering extended mode
 restricted \write18 enabled.
 %&-line parsing enabled.
**main
(./main.tex
LaTeX2e <2015/10/01> patch level 2
Babel <3.9m> and hyphenation patterns for 79 languages loaded.
(/usr/local/Cluster-Apps/texlive/2015/texmf-dist/tex/latex/amscls/amsart.cls
Document Class: amsart 2015/03/04 v2.20.2
\linespacing=\dimen102
\normalparindent=\dimen103
\normaltopskip=\skip41
(/usr/local/Cluster-Apps/texlive/2015/texmf-dist/tex/latex/amsmath/amsmath.sty
Package: amsmath 2013/01/14 v2.14 AMS math features
\@mathmargin=\skip42

For additional information on amsmath, use the `?' option.
(/usr/local/Cluster-Apps/texlive/2015/texmf-dist/tex/latex/amsmath/amstext.sty
Package: amstext 2000/06/29 v2.01

(/usr/local/Cluster-Apps/texlive/2015/texmf-dist/tex/latex/amsmath/amsgen.sty
File: amsgen.sty 1999/11/30 v2.0
\@emptytoks=\toks14
\ex@=\dimen104
)) (/usr/local/Cluster-Apps/texlive/2015/texmf-dist/tex/latex/amsmath/amsbsy.st
y
Package: amsbsy 1999/11/29 v1.2d
\pmbraise@=\dimen105
) (/usr/local/Cluster-Apps/texlive/2015/texmf-dist/tex/latex/amsmath/amsopn.sty
Package: amsopn 1999/12/14 v2.01 operator names
)
\inf@bad=\count79
LaTeX Info: Redefining \frac on input line 210.
\uproot@=\count80
\leftroot@=\count81
LaTeX Info: Redefining \overline on input line 306.
\classnum@=\count82
\DOTSCASE@=\count83
LaTeX Info: Redefining \ldots on input line 378.
LaTeX Info: Redefining \dots on input line 381.
LaTeX Info: Redefining \cdots on input line 466.
\Mathstrutbox@=\box26
\strutbox@=\box27
\big@size=\dimen106
LaTeX Font Info:    Redeclaring font encoding OML on input line 566.
LaTeX Font Info:    Redeclaring font encoding OMS on input line 567.
\macc@depth=\count84
\c@MaxMatrixCols=\count85
\dotsspace@=\muskip10
\c@parentequation=\count86
\dspbrk@lvl=\count87
\tag@help=\toks15
\row@=\count88
\column@=\count89
\maxfields@=\count90
\andhelp@=\toks16
\eqnshift@=\dimen107
\alignsep@=\dimen108
\tagshift@=\dimen109
\tagwidth@=\dimen110
\totwidth@=\dimen111
\lineht@=\dimen112
\@envbody=\toks17
\multlinegap=\skip43
\multlinetaggap=\skip44
\mathdisplay@stack=\toks18
LaTeX Info: Redefining \[ on input line 2665.
LaTeX Info: Redefining \] on input line 2666.
)
LaTeX Font Info:    Try loading font information for U+msa on input line 388.
 (/usr/local/Cluster-Apps/texlive/2015/texmf-dist/tex/latex/amsfonts/umsa.fd
File: umsa.fd 2013/01/14 v3.01 AMS symbols A
)
(/usr/local/Cluster-Apps/texlive/2015/texmf-dist/tex/latex/amsfonts/amsfonts.st
y
Package: amsfonts 2013/01/14 v3.01 Basic AMSFonts support
\symAMSa=\mathgroup4
\symAMSb=\mathgroup5
LaTeX Font Info:    Overwriting math alphabet `\mathfrak' in version `bold'
(Font)                  U/euf/m/n --> U/euf/b/n on input line 106.
)
\copyins=\insert199
\abstractbox=\box28
\listisep=\skip45
\c@part=\count91
\c@section=\count92
\c@subsection=\count93
\c@subsubsection=\count94
\c@paragraph=\count95
\c@subparagraph=\count96
\c@figure=\count97
\c@table=\count98
\abovecaptionskip=\skip46
\belowcaptionskip=\skip47
\captionindent=\dimen113
\thm@style=\toks19
\thm@bodyfont=\toks20
\thm@headfont=\toks21
\thm@notefont=\toks22
\thm@headpunct=\toks23
\thm@preskip=\skip48
\thm@postskip=\skip49
\thm@headsep=\skip50
\dth@everypar=\toks24
)
(/usr/local/Cluster-Apps/texlive/2015/texmf-dist/tex/latex/hyperref/hyperref.st
y
Package: hyperref 2012/11/06 v6.83m Hypertext links for LaTeX

(/usr/local/Cluster-Apps/texlive/2015/texmf-dist/tex/generic/oberdiek/hobsub-hy
perref.sty
Package: hobsub-hyperref 2012/05/28 v1.13 Bundle oberdiek, subset hyperref (HO)


(/usr/local/Cluster-Apps/texlive/2015/texmf-dist/tex/generic/oberdiek/hobsub-ge
neric.sty
Package: hobsub-generic 2012/05/28 v1.13 Bundle oberdiek, subset generic (HO)
Package: hobsub 2012/05/28 v1.13 Construct package bundles (HO)
Package: infwarerr 2010/04/08 v1.3 Providing info/warning/error messages (HO)
Package: ltxcmds 2011/11/09 v1.22 LaTeX kernel commands for general use (HO)
Package: ifluatex 2010/03/01 v1.3 Provides the ifluatex switch (HO)
Package ifluatex Info: LuaTeX not detected.
Package: ifvtex 2010/03/01 v1.5 Detect VTeX and its facilities (HO)
Package ifvtex Info: VTeX not detected.
Package: intcalc 2007/09/27 v1.1 Expandable calculations with integers (HO)
Package: ifpdf 2011/01/30 v2.3 Provides the ifpdf switch (HO)
Package ifpdf Info: pdfTeX in PDF mode is detected.
Package: etexcmds 2011/02/16 v1.5 Avoid name clashes with e-TeX commands (HO)
Package etexcmds Info: Could not find \expanded.
(etexcmds)             That can mean that you are not using pdfTeX 1.50 or
(etexcmds)             that some package has redefined \expanded.
(etexcmds)             In the latter case, load this package earlier.
Package: kvsetkeys 2012/04/25 v1.16 Key value parser (HO)
Package: kvdefinekeys 2011/04/07 v1.3 Define keys (HO)
Package: pdftexcmds 2011/11/29 v0.20 Utility functions of pdfTeX for LuaTeX (HO
)
Package pdftexcmds Info: LuaTeX not detected.
Package pdftexcmds Info: \pdf@primitive is available.
Package pdftexcmds Info: \pdf@ifprimitive is available.
Package pdftexcmds Info: \pdfdraftmode found.
Package: pdfescape 2011/11/25 v1.13 Implements pdfTeX's escape features (HO)
Package: bigintcalc 2012/04/08 v1.3 Expandable calculations on big integers (HO
)
Package: bitset 2011/01/30 v1.1 Handle bit-vector datatype (HO)
Package: uniquecounter 2011/01/30 v1.2 Provide unlimited unique counter (HO)
)
Package hobsub Info: Skipping package `hobsub' (already loaded).
Package: letltxmacro 2010/09/02 v1.4 Let assignment for LaTeX macros (HO)
Package: hopatch 2012/05/28 v1.2 Wrapper for package hooks (HO)
Package: xcolor-patch 2011/01/30 xcolor patch
Package: atveryend 2011/06/30 v1.8 Hooks at the very end of document (HO)
Package atveryend Info: \enddocument detected (standard20110627).
Package: atbegshi 2011/10/05 v1.16 At begin shipout hook (HO)
Package: refcount 2011/10/16 v3.4 Data extraction from label references (HO)
Package: hycolor 2011/01/30 v1.7 Color options for hyperref/bookmark (HO)
)
(/usr/local/Cluster-Apps/texlive/2015/texmf-dist/tex/latex/graphics/keyval.sty
Package: keyval 2014/10/28 v1.15 key=value parser (DPC)
\KV@toks@=\toks25
)
(/usr/local/Cluster-Apps/texlive/2015/texmf-dist/tex/generic/ifxetex/ifxetex.st
y
Package: ifxetex 2010/09/12 v0.6 Provides ifxetex conditional
)
(/usr/local/Cluster-Apps/texlive/2015/texmf-dist/tex/latex/oberdiek/auxhook.sty
Package: auxhook 2011/03/04 v1.3 Hooks for auxiliary files (HO)
)
(/usr/local/Cluster-Apps/texlive/2015/texmf-dist/tex/latex/oberdiek/kvoptions.s
ty
Package: kvoptions 2011/06/30 v3.11 Key value format for package options (HO)
)
\@linkdim=\dimen114
\Hy@linkcounter=\count99
\Hy@pagecounter=\count100

(/usr/local/Cluster-Apps/texlive/2015/texmf-dist/tex/latex/hyperref/pd1enc.def
File: pd1enc.def 2012/11/06 v6.83m Hyperref: PDFDocEncoding definition (HO)
)
\Hy@SavedSpaceFactor=\count101

(/usr/local/Cluster-Apps/texlive/2015/texmf-dist/tex/latex/latexconfig/hyperref
.cfg
File: hyperref.cfg 2002/06/06 v1.2 hyperref configuration of TeXLive
)
Package hyperref Info: Option `colorlinks' set `true' on input line 4319.
Package hyperref Info: Hyper figures OFF on input line 4443.
Package hyperref Info: Link nesting OFF on input line 4448.
Package hyperref Info: Hyper index ON on input line 4451.
Package hyperref Info: Plain pages OFF on input line 4458.
Package hyperref Info: Backreferencing ON on input line 4461.
Package hyperref Info: Implicit mode ON; LaTeX internals redefined.
Package hyperref Info: Bookmarks ON on input line 4688.

(/usr/local/Cluster-Apps/texlive/2015/texmf-dist/tex/latex/hyperref/backref.sty
Package: backref 2012/07/25 v1.38 Bibliographical back referencing

(/usr/local/Cluster-Apps/texlive/2015/texmf-dist/tex/latex/oberdiek/rerunfilech
eck.sty
Package: rerunfilecheck 2011/04/15 v1.7 Rerun checks for auxiliary files (HO)
Package uniquecounter Info: New unique counter `rerunfilecheck' on input line 2
82.
))
\c@Hy@tempcnt=\count102

(/usr/local/Cluster-Apps/texlive/2015/texmf-dist/tex/latex/url/url.sty
\Urlmuskip=\muskip11
Package: url 2013/09/16  ver 3.4  Verb mode for urls, etc.
)
LaTeX Info: Redefining \url on input line 5041.
\XeTeXLinkMargin=\dimen115
\Fld@menulength=\count103
\Field@Width=\dimen116
\Fld@charsize=\dimen117
Package hyperref Info: Hyper figures OFF on input line 6295.
Package hyperref Info: Link nesting OFF on input line 6300.
Package hyperref Info: Hyper index ON on input line 6303.
Package hyperref Info: backreferencing ON on input line 6308.
Package hyperref Info: Link coloring ON on input line 6313.
Package hyperref Info: Link coloring with OCG OFF on input line 6320.
Package hyperref Info: PDF/A mode OFF on input line 6325.
LaTeX Info: Redefining \ref on input line 6365.
LaTeX Info: Redefining \pageref on input line 6369.
\Hy@abspage=\count104
\c@Item=\count105
\c@Hfootnote=\count106
)

Package hyperref Message: Driver (autodetected): hpdftex.


(/usr/local/Cluster-Apps/texlive/2015/texmf-dist/tex/latex/hyperref/hpdftex.def
File: hpdftex.def 2012/11/06 v6.83m Hyperref driver for pdfTeX
\Fld@listcount=\count107
\c@bookmark@seq@number=\count108
\Hy@SectionHShift=\skip51
) (/usr/local/Cluster-Apps/texlive/2015/texmf-dist/tex/latex/graphics/color.sty
Package: color 2014/10/28 v1.1a Standard LaTeX Color (DPC)

(/usr/local/Cluster-Apps/texlive/2015/texmf-dist/tex/latex/latexconfig/color.cf
g
File: color.cfg 2007/01/18 v1.5 color configuration of teTeX/TeXLive
)
Package color Info: Driver file: pdftex.def on input line 142.

(/usr/local/Cluster-Apps/texlive/2015/texmf-dist/tex/latex/pdftex-def/pdftex.de
f
File: pdftex.def 2011/05/27 v0.06d Graphics/color for pdfTeX
\Gread@gobject=\count109
))
(/usr/local/Cluster-Apps/texlive/2015/texmf-dist/tex/latex/amsfonts/amssymb.sty
Package: amssymb 2013/01/14 v3.01 AMS font symbols
)
(/usr/local/Cluster-Apps/texlive/2015/texmf-dist/tex/latex/jknapltx/mathrsfs.st
y
Package: mathrsfs 1996/01/01 Math RSFS package v1.0 (jk)
\symrsfs=\mathgroup6
)
(/usr/local/Cluster-Apps/texlive/2015/texmf-dist/tex/latex/mathtools/mathtools.
sty
Package: mathtools 2015/11/12 v1.18 mathematical typesetting tools
 (/usr/local/Cluster-Apps/texlive/2015/texmf-dist/tex/latex/tools/calc.sty
Package: calc 2014/10/28 v4.3 Infix arithmetic (KKT,FJ)
\calc@Acount=\count110
\calc@Bcount=\count111
\calc@Adimen=\dimen118
\calc@Bdimen=\dimen119
\calc@Askip=\skip52
\calc@Bskip=\skip53
LaTeX Info: Redefining \setlength on input line 80.
LaTeX Info: Redefining \addtolength on input line 81.
\calc@Ccount=\count112
\calc@Cskip=\skip54
)
(/usr/local/Cluster-Apps/texlive/2015/texmf-dist/tex/latex/mathtools/mhsetup.st
y
Package: mhsetup 2010/01/21 v1.2a programming setup (MH)
)
LaTeX Info: Thecontrolsequence`\('isalreadyrobust on input line 129.
LaTeX Info: Thecontrolsequence`\)'isalreadyrobust on input line 129.
LaTeX Info: Thecontrolsequence`\['isalreadyrobust on input line 129.
LaTeX Info: Thecontrolsequence`\]'isalreadyrobust on input line 129.
\g_MT_multlinerow_int=\count113
\l_MT_multwidth_dim=\dimen120
\origjot=\skip55
\l_MT_shortvdotswithinadjustabove_dim=\dimen121
\l_MT_shortvdotswithinadjustbelow_dim=\dimen122
\l_MT_above_intertext_sep=\dimen123
\l_MT_below_intertext_sep=\dimen124
\l_MT_above_shortintertext_sep=\dimen125
\l_MT_below_shortintertext_sep=\dimen126
)
(/usr/local/Cluster-Apps/texlive/2015/texmf-dist/tex/latex/cleveref/cleveref.st
y
Package: cleveref 2013/12/28 v0.19 Intelligent cross-referencing
Package cleveref Info: `hyperref' support loaded on input line 2230.
LaTeX Info: Redefining \cref on input line 2230.
LaTeX Info: Redefining \Cref on input line 2230.
LaTeX Info: Redefining \crefrange on input line 2230.
LaTeX Info: Redefining \Crefrange on input line 2230.
LaTeX Info: Redefining \cpageref on input line 2230.
LaTeX Info: Redefining \Cpageref on input line 2230.
LaTeX Info: Redefining \cpagerefrange on input line 2230.
LaTeX Info: Redefining \Cpagerefrange on input line 2230.
LaTeX Info: Redefining \labelcref on input line 2230.
LaTeX Info: Redefining \labelcpageref on input line 2230.
Package cleveref Info: `amsthm' support loaded on input line 2858.
Package cleveref Info: always capitalise cross-reference names on input line 74
70.
Package cleveref Info: include cross-reference names in hyperlinks on input lin
e 7476.
Package cleveref Info: no abbreviation of names on input line 7493.
Package cleveref Info: always capitalise cross-reference names on input line 74
93.
Package cleveref Info: include cross-reference names in hyperlinks on input lin
e 7493.
)
(/usr/local/Cluster-Apps/texlive/2015/texmf-dist/tex/latex/preprint/fullpage.st
y
Package: fullpage 1999/02/23 1.1 (PWD)
\FP@margin=\skip56
) (/usr/local/Cluster-Apps/texlive/2015/texmf-dist/tex/latex/cite/cite.sty
LaTeX Info: Redefining \cite on input line 302.
LaTeX Info: Redefining \nocite on input line 332.
Package: cite 2015/02/27  v 5.5
)
(/usr/local/Cluster-Apps/texlive/2015/texmf-dist/tex/latex/graphics/graphics.st
y
Package: graphics 2014/10/28 v1.0p Standard LaTeX Graphics (DPC,SPQR)
 (/usr/local/Cluster-Apps/texlive/2015/texmf-dist/tex/latex/graphics/trig.sty
Package: trig 1999/03/16 v1.09 sin cos tan (DPC)
)
(/usr/local/Cluster-Apps/texlive/2015/texmf-dist/tex/latex/latexconfig/graphics
.cfg
File: graphics.cfg 2010/04/23 v1.9 graphics configuration of TeX Live
)
Package graphics Info: Driver file: pdftex.def on input line 94.
)
(/usr/local/Cluster-Apps/texlive/2015/texmf-dist/tex/latex/psnfss/pifont.sty
Package: pifont 2005/04/12 PSNFSS-v9.2a Pi font support (SPQR) 
LaTeX Font Info:    Try loading font information for U+pzd on input line 63.

(/usr/local/Cluster-Apps/texlive/2015/texmf-dist/tex/latex/psnfss/upzd.fd
File: upzd.fd 2001/06/04 font definitions for U/pzd.
)
LaTeX Font Info:    Try loading font information for U+psy on input line 64.

(/usr/local/Cluster-Apps/texlive/2015/texmf-dist/tex/latex/psnfss/upsy.fd
File: upsy.fd 2001/06/04 font definitions for U/psy.
))
(/usr/local/Cluster-Apps/texlive/2015/texmf-dist/tex/latex/pgf/frontendlayer/ti
kz.sty
(/usr/local/Cluster-Apps/texlive/2015/texmf-dist/tex/latex/pgf/basiclayer/pgf.s
ty
(/usr/local/Cluster-Apps/texlive/2015/texmf-dist/tex/latex/pgf/utilities/pgfrcs
.sty
(/usr/local/Cluster-Apps/texlive/2015/texmf-dist/tex/generic/pgf/utilities/pgfu
til-common.tex
\pgfutil@everybye=\toks26
\pgfutil@tempdima=\dimen127
\pgfutil@tempdimb=\dimen128

(/usr/local/Cluster-Apps/texlive/2015/texmf-dist/tex/generic/pgf/utilities/pgfu
til-common-lists.tex))
(/usr/local/Cluster-Apps/texlive/2015/texmf-dist/tex/generic/pgf/utilities/pgfu
til-latex.def
\pgfutil@abb=\box29

(/usr/local/Cluster-Apps/texlive/2015/texmf-dist/tex/latex/ms/everyshi.sty
Package: everyshi 2001/05/15 v3.00 EveryShipout Package (MS)
))
(/usr/local/Cluster-Apps/texlive/2015/texmf-dist/tex/generic/pgf/utilities/pgfr
cs.code.tex
Package: pgfrcs 2015/08/07 v3.0.1a (rcs-revision 1.31)
))
Package: pgf 2015/08/07 v3.0.1a (rcs-revision 1.15)

(/usr/local/Cluster-Apps/texlive/2015/texmf-dist/tex/latex/pgf/basiclayer/pgfco
re.sty
(/usr/local/Cluster-Apps/texlive/2015/texmf-dist/tex/latex/graphics/graphicx.st
y
Package: graphicx 2014/10/28 v1.0g Enhanced LaTeX Graphics (DPC,SPQR)
\Gin@req@height=\dimen129
\Gin@req@width=\dimen130
)
(/usr/local/Cluster-Apps/texlive/2015/texmf-dist/tex/latex/pgf/systemlayer/pgfs
ys.sty
(/usr/local/Cluster-Apps/texlive/2015/texmf-dist/tex/generic/pgf/systemlayer/pg
fsys.code.tex
Package: pgfsys 2014/07/09 v3.0.1a (rcs-revision 1.48)

(/usr/local/Cluster-Apps/texlive/2015/texmf-dist/tex/generic/pgf/utilities/pgfk
eys.code.tex
\pgfkeys@pathtoks=\toks27
\pgfkeys@temptoks=\toks28

(/usr/local/Cluster-Apps/texlive/2015/texmf-dist/tex/generic/pgf/utilities/pgfk
eysfiltered.code.tex
\pgfkeys@tmptoks=\toks29
))
\pgf@x=\dimen131
\pgf@y=\dimen132
\pgf@xa=\dimen133
\pgf@ya=\dimen134
\pgf@xb=\dimen135
\pgf@yb=\dimen136
\pgf@xc=\dimen137
\pgf@yc=\dimen138
\w@pgf@writea=\write3
\r@pgf@reada=\read1
\c@pgf@counta=\count114
\c@pgf@countb=\count115
\c@pgf@countc=\count116
\c@pgf@countd=\count117
\t@pgf@toka=\toks30
\t@pgf@tokb=\toks31
\t@pgf@tokc=\toks32

(/usr/local/Cluster-Apps/texlive/2015/texmf-dist/tex/generic/pgf/systemlayer/pg
f.cfg
File: pgf.cfg 2008/05/14  (rcs-revision 1.7)
)
Driver file for pgf: pgfsys-pdftex.def

(/usr/local/Cluster-Apps/texlive/2015/texmf-dist/tex/generic/pgf/systemlayer/pg
fsys-pdftex.def
File: pgfsys-pdftex.def 2014/10/11  (rcs-revision 1.35)

(/usr/local/Cluster-Apps/texlive/2015/texmf-dist/tex/generic/pgf/systemlayer/pg
fsys-common-pdf.def
File: pgfsys-common-pdf.def 2013/10/10  (rcs-revision 1.13)
)))
(/usr/local/Cluster-Apps/texlive/2015/texmf-dist/tex/generic/pgf/systemlayer/pg
fsyssoftpath.code.tex
File: pgfsyssoftpath.code.tex 2013/09/09  (rcs-revision 1.9)
\pgfsyssoftpath@smallbuffer@items=\count118
\pgfsyssoftpath@bigbuffer@items=\count119
)
(/usr/local/Cluster-Apps/texlive/2015/texmf-dist/tex/generic/pgf/systemlayer/pg
fsysprotocol.code.tex
File: pgfsysprotocol.code.tex 2006/10/16  (rcs-revision 1.4)
))
(/usr/local/Cluster-Apps/texlive/2015/texmf-dist/tex/latex/xcolor/xcolor.sty
Package: xcolor 2007/01/21 v2.11 LaTeX color extensions (UK)

(/usr/local/Cluster-Apps/texlive/2015/texmf-dist/tex/latex/latexconfig/color.cf
g
File: color.cfg 2007/01/18 v1.5 color configuration of teTeX/TeXLive
)
Package xcolor Info: Driver file: pdftex.def on input line 225.
LaTeX Info: Redefining \color on input line 702.
Package xcolor Info: Model `cmy' substituted by `cmy0' on input line 1337.
Package xcolor Info: Model `hsb' substituted by `rgb' on input line 1341.
Package xcolor Info: Model `RGB' extended on input line 1353.
Package xcolor Info: Model `HTML' substituted by `rgb' on input line 1355.
Package xcolor Info: Model `Hsb' substituted by `hsb' on input line 1356.
Package xcolor Info: Model `tHsb' substituted by `hsb' on input line 1357.
Package xcolor Info: Model `HSB' substituted by `hsb' on input line 1358.
Package xcolor Info: Model `Gray' substituted by `gray' on input line 1359.
Package xcolor Info: Model `wave' substituted by `hsb' on input line 1360.
)
(/usr/local/Cluster-Apps/texlive/2015/texmf-dist/tex/generic/pgf/basiclayer/pgf
core.code.tex
Package: pgfcore 2010/04/11 v3.0.1a (rcs-revision 1.7)

(/usr/local/Cluster-Apps/texlive/2015/texmf-dist/tex/generic/pgf/math/pgfmath.c
ode.tex
(/usr/local/Cluster-Apps/texlive/2015/texmf-dist/tex/generic/pgf/math/pgfmathca
lc.code.tex
(/usr/local/Cluster-Apps/texlive/2015/texmf-dist/tex/generic/pgf/math/pgfmathut
il.code.tex)
(/usr/local/Cluster-Apps/texlive/2015/texmf-dist/tex/generic/pgf/math/pgfmathpa
rser.code.tex
\pgfmath@dimen=\dimen139
\pgfmath@count=\count120
\pgfmath@box=\box30
\pgfmath@toks=\toks33
\pgfmath@stack@operand=\toks34
\pgfmath@stack@operation=\toks35
)
(/usr/local/Cluster-Apps/texlive/2015/texmf-dist/tex/generic/pgf/math/pgfmathfu
nctions.code.tex
(/usr/local/Cluster-Apps/texlive/2015/texmf-dist/tex/generic/pgf/math/pgfmathfu
nctions.basic.code.tex)
(/usr/local/Cluster-Apps/texlive/2015/texmf-dist/tex/generic/pgf/math/pgfmathfu
nctions.trigonometric.code.tex)
(/usr/local/Cluster-Apps/texlive/2015/texmf-dist/tex/generic/pgf/math/pgfmathfu
nctions.random.code.tex)
(/usr/local/Cluster-Apps/texlive/2015/texmf-dist/tex/generic/pgf/math/pgfmathfu
nctions.comparison.code.tex)
(/usr/local/Cluster-Apps/texlive/2015/texmf-dist/tex/generic/pgf/math/pgfmathfu
nctions.base.code.tex)
(/usr/local/Cluster-Apps/texlive/2015/texmf-dist/tex/generic/pgf/math/pgfmathfu
nctions.round.code.tex)
(/usr/local/Cluster-Apps/texlive/2015/texmf-dist/tex/generic/pgf/math/pgfmathfu
nctions.misc.code.tex)
(/usr/local/Cluster-Apps/texlive/2015/texmf-dist/tex/generic/pgf/math/pgfmathfu
nctions.integerarithmetics.code.tex)))
(/usr/local/Cluster-Apps/texlive/2015/texmf-dist/tex/generic/pgf/math/pgfmathfl
oat.code.tex
\c@pgfmathroundto@lastzeros=\count121
))
(/usr/local/Cluster-Apps/texlive/2015/texmf-dist/tex/generic/pgf/basiclayer/pgf
corepoints.code.tex
File: pgfcorepoints.code.tex 2013/10/07  (rcs-revision 1.27)
\pgf@picminx=\dimen140
\pgf@picmaxx=\dimen141
\pgf@picminy=\dimen142
\pgf@picmaxy=\dimen143
\pgf@pathminx=\dimen144
\pgf@pathmaxx=\dimen145
\pgf@pathminy=\dimen146
\pgf@pathmaxy=\dimen147
\pgf@xx=\dimen148
\pgf@xy=\dimen149
\pgf@yx=\dimen150
\pgf@yy=\dimen151
\pgf@zx=\dimen152
\pgf@zy=\dimen153
)
(/usr/local/Cluster-Apps/texlive/2015/texmf-dist/tex/generic/pgf/basiclayer/pgf
corepathconstruct.code.tex
File: pgfcorepathconstruct.code.tex 2013/10/07  (rcs-revision 1.29)
\pgf@path@lastx=\dimen154
\pgf@path@lasty=\dimen155
)
(/usr/local/Cluster-Apps/texlive/2015/texmf-dist/tex/generic/pgf/basiclayer/pgf
corepathusage.code.tex
File: pgfcorepathusage.code.tex 2014/11/02  (rcs-revision 1.24)
\pgf@shorten@end@additional=\dimen156
\pgf@shorten@start@additional=\dimen157
)
(/usr/local/Cluster-Apps/texlive/2015/texmf-dist/tex/generic/pgf/basiclayer/pgf
corescopes.code.tex
File: pgfcorescopes.code.tex 2015/05/08  (rcs-revision 1.46)
\pgfpic=\box31
\pgf@hbox=\box32
\pgf@layerbox@main=\box33
\pgf@picture@serial@count=\count122
)
(/usr/local/Cluster-Apps/texlive/2015/texmf-dist/tex/generic/pgf/basiclayer/pgf
coregraphicstate.code.tex
File: pgfcoregraphicstate.code.tex 2014/11/02  (rcs-revision 1.12)
\pgflinewidth=\dimen158
)
(/usr/local/Cluster-Apps/texlive/2015/texmf-dist/tex/generic/pgf/basiclayer/pgf
coretransformations.code.tex
File: pgfcoretransformations.code.tex 2015/08/07  (rcs-revision 1.20)
\pgf@pt@x=\dimen159
\pgf@pt@y=\dimen160
\pgf@pt@temp=\dimen161
)
(/usr/local/Cluster-Apps/texlive/2015/texmf-dist/tex/generic/pgf/basiclayer/pgf
corequick.code.tex
File: pgfcorequick.code.tex 2008/10/09  (rcs-revision 1.3)
)
(/usr/local/Cluster-Apps/texlive/2015/texmf-dist/tex/generic/pgf/basiclayer/pgf
coreobjects.code.tex
File: pgfcoreobjects.code.tex 2006/10/11  (rcs-revision 1.2)
)
(/usr/local/Cluster-Apps/texlive/2015/texmf-dist/tex/generic/pgf/basiclayer/pgf
corepathprocessing.code.tex
File: pgfcorepathprocessing.code.tex 2013/09/09  (rcs-revision 1.9)
)
(/usr/local/Cluster-Apps/texlive/2015/texmf-dist/tex/generic/pgf/basiclayer/pgf
corearrows.code.tex
File: pgfcorearrows.code.tex 2015/05/14  (rcs-revision 1.43)
\pgfarrowsep=\dimen162
)
(/usr/local/Cluster-Apps/texlive/2015/texmf-dist/tex/generic/pgf/basiclayer/pgf
coreshade.code.tex
File: pgfcoreshade.code.tex 2013/07/15  (rcs-revision 1.15)
\pgf@max=\dimen163
\pgf@sys@shading@range@num=\count123
)
(/usr/local/Cluster-Apps/texlive/2015/texmf-dist/tex/generic/pgf/basiclayer/pgf
coreimage.code.tex
File: pgfcoreimage.code.tex 2013/07/15  (rcs-revision 1.18)

(/usr/local/Cluster-Apps/texlive/2015/texmf-dist/tex/generic/pgf/basiclayer/pgf
coreexternal.code.tex
File: pgfcoreexternal.code.tex 2014/07/09  (rcs-revision 1.21)
\pgfexternal@startupbox=\box34
))
(/usr/local/Cluster-Apps/texlive/2015/texmf-dist/tex/generic/pgf/basiclayer/pgf
corelayers.code.tex
File: pgfcorelayers.code.tex 2013/07/18  (rcs-revision 1.7)
)
(/usr/local/Cluster-Apps/texlive/2015/texmf-dist/tex/generic/pgf/basiclayer/pgf
coretransparency.code.tex
File: pgfcoretransparency.code.tex 2013/09/30  (rcs-revision 1.5)
)
(/usr/local/Cluster-Apps/texlive/2015/texmf-dist/tex/generic/pgf/basiclayer/pgf
corepatterns.code.tex
File: pgfcorepatterns.code.tex 2013/11/07  (rcs-revision 1.5)
)))
(/usr/local/Cluster-Apps/texlive/2015/texmf-dist/tex/generic/pgf/modules/pgfmod
uleshapes.code.tex
File: pgfmoduleshapes.code.tex 2014/03/21  (rcs-revision 1.35)
\pgfnodeparttextbox=\box35
)
(/usr/local/Cluster-Apps/texlive/2015/texmf-dist/tex/generic/pgf/modules/pgfmod
uleplot.code.tex
File: pgfmoduleplot.code.tex 2015/08/03  (rcs-revision 1.13)
)
(/usr/local/Cluster-Apps/texlive/2015/texmf-dist/tex/latex/pgf/compatibility/pg
fcomp-version-0-65.sty
Package: pgfcomp-version-0-65 2007/07/03 v3.0.1a (rcs-revision 1.7)
\pgf@nodesepstart=\dimen164
\pgf@nodesepend=\dimen165
)
(/usr/local/Cluster-Apps/texlive/2015/texmf-dist/tex/latex/pgf/compatibility/pg
fcomp-version-1-18.sty
Package: pgfcomp-version-1-18 2007/07/23 v3.0.1a (rcs-revision 1.1)
))
(/usr/local/Cluster-Apps/texlive/2015/texmf-dist/tex/latex/pgf/utilities/pgffor
.sty
(/usr/local/Cluster-Apps/texlive/2015/texmf-dist/tex/latex/pgf/utilities/pgfkey
s.sty
(/usr/local/Cluster-Apps/texlive/2015/texmf-dist/tex/generic/pgf/utilities/pgfk
eys.code.tex))
(/usr/local/Cluster-Apps/texlive/2015/texmf-dist/tex/latex/pgf/math/pgfmath.sty

(/usr/local/Cluster-Apps/texlive/2015/texmf-dist/tex/generic/pgf/math/pgfmath.c
ode.tex))
(/usr/local/Cluster-Apps/texlive/2015/texmf-dist/tex/generic/pgf/utilities/pgff
or.code.tex
Package: pgffor 2013/12/13 v3.0.1a (rcs-revision 1.25)

(/usr/local/Cluster-Apps/texlive/2015/texmf-dist/tex/generic/pgf/math/pgfmath.c
ode.tex)
\pgffor@iter=\dimen166
\pgffor@skip=\dimen167
\pgffor@stack=\toks36
\pgffor@toks=\toks37
))
(/usr/local/Cluster-Apps/texlive/2015/texmf-dist/tex/generic/pgf/frontendlayer/
tikz/tikz.code.tex
Package: tikz 2015/08/07 v3.0.1a (rcs-revision 1.151)

(/usr/local/Cluster-Apps/texlive/2015/texmf-dist/tex/generic/pgf/libraries/pgfl
ibraryplothandlers.code.tex
File: pgflibraryplothandlers.code.tex 2013/08/31 v3.0.1a (rcs-revision 1.20)
\pgf@plot@mark@count=\count124
\pgfplotmarksize=\dimen168
)
\tikz@lastx=\dimen169
\tikz@lasty=\dimen170
\tikz@lastxsaved=\dimen171
\tikz@lastysaved=\dimen172
\tikzleveldistance=\dimen173
\tikzsiblingdistance=\dimen174
\tikz@figbox=\box36
\tikz@figbox@bg=\box37
\tikz@tempbox=\box38
\tikz@tempbox@bg=\box39
\tikztreelevel=\count125
\tikznumberofchildren=\count126
\tikznumberofcurrentchild=\count127
\tikz@fig@count=\count128

(/usr/local/Cluster-Apps/texlive/2015/texmf-dist/tex/generic/pgf/modules/pgfmod
ulematrix.code.tex
File: pgfmodulematrix.code.tex 2013/09/17  (rcs-revision 1.8)
\pgfmatrixcurrentrow=\count129
\pgfmatrixcurrentcolumn=\count130
\pgf@matrix@numberofcolumns=\count131
)
\tikz@expandcount=\count132

(/usr/local/Cluster-Apps/texlive/2015/texmf-dist/tex/generic/pgf/frontendlayer/
tikz/libraries/tikzlibrarytopaths.code.tex
File: tikzlibrarytopaths.code.tex 2008/06/17 v3.0.1a (rcs-revision 1.2)
)))
(/usr/local/Cluster-Apps/texlive/2015/texmf-dist/tex/latex/bbm-macros/bbm.sty
Package: bbm 1999/03/15 V 1.2 provides fonts for set symbols - TH
LaTeX Font Info:    Overwriting math alphabet `\mathbbm' in version `bold'
(Font)                  U/bbm/m/n --> U/bbm/bx/n on input line 33.
LaTeX Font Info:    Overwriting math alphabet `\mathbbmss' in version `bold'
(Font)                  U/bbmss/m/n --> U/bbmss/bx/n on input line 35.
)
(/usr/local/Cluster-Apps/texlive/2015/texmf-dist/tex/latex/base/fontenc.sty
Package: fontenc 2005/09/27 v1.99g Standard LaTeX package

(/usr/local/Cluster-Apps/texlive/2015/texmf-dist/tex/latex/base/t1enc.def
File: t1enc.def 2005/09/27 v1.99g Standard LaTeX file
LaTeX Font Info:    Redeclaring font encoding T1 on input line 48.
))
(/usr/local/Cluster-Apps/texlive/2015/texmf-dist/tex/generic/pgf/libraries/pgfl
ibraryarrows.meta.code.tex
File: pgflibraryarrows.meta.code.tex 2015/05/13 v3.0.1a (rcs-revision 1.13)
\pgfarrowinset=\dimen175
\pgfarrowlength=\dimen176
\pgfarrowwidth=\dimen177
\pgfarrowlinewidth=\dimen178
)
(/usr/local/Cluster-Apps/texlive/2015/texmf-dist/tex/latex/environ/environ.sty
Package: environ 2014/05/04 v0.3 A new way to define environments

(/usr/local/Cluster-Apps/texlive/2015/texmf-dist/tex/latex/trimspaces/trimspace
s.sty
Package: trimspaces 2009/09/17 v1.1 Trim spaces around a token list
))
(/usr/local/Cluster-Apps/texlive/2015/texmf-dist/tex/latex/framed/framed.sty
Package: framed 2011/10/22 v 0.96: framed or shaded text with page breaks
\OuterFrameSep=\skip57
\fb@frw=\dimen179
\fb@frh=\dimen180
\FrameRule=\dimen181
\FrameSep=\dimen182
)
(/usr/local/Cluster-Apps/texlive/2015/texmf-dist/tex/latex/algorithm2e/algorith
m2e.sty
Package: algorithm2e 2013/01/06 v5.00 algorithms environments
\c@AlgoLine=\count133

(/usr/local/Cluster-Apps/texlive/2015/texmf-dist/tex/latex/base/ifthen.sty
Package: ifthen 2014/09/29 v1.1c Standard LaTeX ifthen package (DPC)
)
\algocf@hangindent=\skip58

(/usr/local/Cluster-Apps/texlive/2015/texmf-dist/tex/latex/tools/xspace.sty
Package: xspace 2014/10/28 v1.13 Space after command names (DPC,MH)
)
(/usr/local/Cluster-Apps/texlive/2015/texmf-dist/tex/latex/relsize/relsize.sty
Package: relsize 2013/03/29 ver 4.1
LaTeX Info: Redefining \larger on input line 150.
LaTeX Info: Redefining \smaller on input line 151.
)
********************************************************
Package `algorithm2e' Release 5.1 -- october 19 2015 --
- algorithm2e-announce@lirmm.fr mailing list for announcement about releases
- algorithm2e-discussion@lirmm.fr mailing list for discussion about package
subscribe by emailing sympa@lirmm.fr with 'subscribe <list> <firstname name>'
- Author: Christophe Fiorio (christophe.fiorio@umontpellier.fr)
********************************************************
\skiptotal=\skip59
\skiplinenumber=\skip60
\skiprule=\skip61
\skiphlne=\skip62
\skiptext=\skip63
\skiplength=\skip64
\algomargin=\skip65
\skipalgocfslide=\skip66
\algowidth=\dimen183
\inoutsize=\dimen184
\inoutindent=\dimen185
\interspacetitleruled=\dimen186
\interspacealgoruled=\dimen187
\interspacetitleboxruled=\dimen188
\algocf@ruledwidth=\skip67
\algocf@inoutbox=\box40
\algocf@inputbox=\box41
\AlCapSkip=\skip68
\AlCapHSkip=\skip69
\algoskipindent=\skip70
\algocf@nlbox=\box42
\algocf@hangingbox=\box43
\algocf@untilbox=\box44
\algocf@skipuntil=\skip71
\algocf@capbox=\box45
\algoheightruledefault=\skip72
\algoheightrule=\skip73
\algotitleheightruledefault=\skip74
\algotitleheightrule=\skip75
\c@algocfline=\count134
\c@algocfproc=\count135
\c@algocf=\count136
\algocf@algoframe=\box46
\algocf@algobox=\box47
)
(/usr/local/Cluster-Apps/texlive/2015/texmf-dist/tex/latex/algorithmicx/algpseu
docode.sty
Package: algpseudocode 

(/usr/local/Cluster-Apps/texlive/2015/texmf-dist/tex/latex/algorithmicx/algorit
hmicx.sty
Package: algorithmicx 2005/04/27 v1.2 Algorithmicx

Document Style algorithmicx 1.2 - a greatly improved `algorithmic' style
\c@ALG@line=\count137
\c@ALG@rem=\count138
\c@ALG@nested=\count139
\ALG@tlm=\skip76
\ALG@thistlm=\skip77
\c@ALG@Lnr=\count140
\c@ALG@blocknr=\count141
\c@ALG@storecount=\count142
\c@ALG@tmpcounter=\count143
\ALG@tmplength=\skip78
)
Document Style - pseudocode environments for use with the `algorithmicx' style
)
(/usr/local/Cluster-Apps/texlive/2015/texmf-dist/tex/latex/caption/caption.sty
Package: caption 2015/09/17 v3.3-111 Customizing captions (AR)

(/usr/local/Cluster-Apps/texlive/2015/texmf-dist/tex/latex/caption/caption3.sty
Package: caption3 2015/09/20 v1.7-115 caption3 kernel (AR)
Package caption3 Info: TeX engine: e-TeX on input line 57.
\captionmargin=\dimen189
\captionmargin@=\dimen190
\captionwidth=\dimen191
\caption@tempdima=\dimen192
\caption@indent=\dimen193
\caption@parindent=\dimen194
\caption@hangindent=\dimen195
)
Package caption Info: AMS or SMF document class.
\c@ContinuedFloat=\count144
Package caption Info: hyperref package is loaded.
)
(/usr/local/Cluster-Apps/texlive/2015/texmf-dist/tex/latex/mdframed/mdframed.st
y
Package: mdframed 2013/07/01 1.9b: mdframed

(/usr/local/Cluster-Apps/texlive/2015/texmf-dist/tex/latex/l3packages/xparse/xp
arse.sty
(/usr/local/Cluster-Apps/texlive/2015/texmf-dist/tex/latex/l3kernel/expl3.sty
Package: expl3 2015/12/20 v6326 L3 programming layer (loader) 

(/usr/local/Cluster-Apps/texlive/2015/texmf-dist/tex/latex/l3kernel/expl3-code.
tex
Package: expl3 2015/12/20 v6326 L3 programming layer (code)
L3 Module: l3bootstrap 2015/12/15 v6320 L3 Bootstrap code
L3 Module: l3names 2015/11/16 v6276 L3 Namespace for primitives
L3 Module: l3basics 2015/11/22 v6315 L3 Basic definitions
L3 Module: l3expan 2015/09/10 v5983 L3 Argument expansion
L3 Module: l3tl 2015/09/29 v6121 L3 Token lists
L3 Module: l3str 2015/12/20 v6325 L3 Strings
L3 Module: l3seq 2015/08/05 v5777 L3 Sequences and stacks
L3 Module: l3int 2015/09/25 v6089 L3 Integers
\c_max_int=\count145
\l_tmpa_int=\count146
\l_tmpb_int=\count147
\g_tmpa_int=\count148
\g_tmpb_int=\count149
L3 Module: l3quark 2015/08/17 v5855 L3 Quarks
L3 Module: l3prg 2015/11/01 v6216 L3 Control structures
\g__prg_map_int=\count150
L3 Module: l3clist 2015/09/02 v5901 L3 Comma separated lists
L3 Module: l3token 2015/11/11 v6249 L3 Experimental token manipulation
L3 Module: l3prop 2015/08/05 v5777 L3 Property lists
L3 Module: l3msg 2015/09/28 v6113 L3 Messages
L3 Module: l3file 2015/12/03 v6317 L3 File and I/O operations
\l_iow_line_count_int=\count151
\l__iow_target_count_int=\count152
\l__iow_current_line_int=\count153
\l__iow_current_word_int=\count154
\l__iow_current_indentation_int=\count155
L3 Module: l3skip 2015/09/25 v6089 L3 Dimensions and skips
\c_zero_dim=\dimen196
\c_max_dim=\dimen197
\l_tmpa_dim=\dimen198
\l_tmpb_dim=\dimen256
\g_tmpa_dim=\dimen257
\g_tmpb_dim=\dimen258
\c_zero_skip=\skip79
\c_max_skip=\skip80
\l_tmpa_skip=\skip81
\l_tmpb_skip=\skip82
\g_tmpa_skip=\skip83
\g_tmpb_skip=\skip84
\c_zero_muskip=\muskip12
\c_max_muskip=\muskip13
\l_tmpa_muskip=\muskip14
\l_tmpb_muskip=\muskip15
\g_tmpa_muskip=\muskip16
\g_tmpb_muskip=\muskip17
L3 Module: l3keys 2015/11/17 v6284 L3 Key-value interfaces
\g__keyval_level_int=\count156
\l_keys_choice_int=\count157
L3 Module: l3fp 2015/08/25 v5890 L3 Floating points
\c__fp_leading_shift_int=\count158
\c__fp_middle_shift_int=\count159
\c__fp_trailing_shift_int=\count160
\c__fp_big_leading_shift_int=\count161
\c__fp_big_middle_shift_int=\count162
\c__fp_big_trailing_shift_int=\count163
\c__fp_Bigg_leading_shift_int=\count164
\c__fp_Bigg_middle_shift_int=\count165
\c__fp_Bigg_trailing_shift_int=\count166
L3 Module: l3box 2015/08/09 v5822 L3 Experimental boxes
\c_empty_box=\box48
\l_tmpa_box=\box49
\l_tmpb_box=\box50
\g_tmpa_box=\box51
\g_tmpb_box=\box52
L3 Module: l3coffins 2015/08/06 v5789 L3 Coffin code layer
\l__coffin_internal_box=\box53
\l__coffin_internal_dim=\dimen259
\l__coffin_offset_x_dim=\dimen260
\l__coffin_offset_y_dim=\dimen261
\l__coffin_x_dim=\dimen262
\l__coffin_y_dim=\dimen263
\l__coffin_x_prime_dim=\dimen264
\l__coffin_y_prime_dim=\dimen265
\c_empty_coffin=\box54
\l__coffin_aligned_coffin=\box55
\l__coffin_aligned_internal_coffin=\box56
\l_tmpa_coffin=\box57
\l_tmpb_coffin=\box58
\l__coffin_display_coffin=\box59
\l__coffin_display_coord_coffin=\box60
\l__coffin_display_pole_coffin=\box61
\l__coffin_display_offset_dim=\dimen266
\l__coffin_display_x_dim=\dimen267
\l__coffin_display_y_dim=\dimen268
L3 Module: l3color 2014/08/23 v5354 L3 Experimental color support
L3 Module: l3candidates 2015/12/20 v6325 L3 Experimental additions to l3kernel
\l__box_top_dim=\dimen269
\l__box_bottom_dim=\dimen270
\l__box_left_dim=\dimen271
\l__box_right_dim=\dimen272
\l__box_top_new_dim=\dimen273
\l__box_bottom_new_dim=\dimen274
\l__box_left_new_dim=\dimen275
\l__box_right_new_dim=\dimen276
\l__box_internal_box=\box62
\l__coffin_bounding_shift_dim=\dimen277
\l__coffin_left_corner_dim=\dimen278
\l__coffin_right_corner_dim=\dimen279
\l__coffin_bottom_corner_dim=\dimen280
\l__coffin_top_corner_dim=\dimen281
\l__coffin_scaled_total_height_dim=\dimen282
\l__coffin_scaled_width_dim=\dimen283
L3 Module: l3sys 2015/09/25 v6087 L3 Experimental system/runtime functions
L3 Module: l3luatex 2015/11/11 v6250 L3 Experimental LuaTeX-specific functions
)
(/usr/local/Cluster-Apps/texlive/2015/texmf-dist/tex/latex/l3kernel/l3pdfmode.d
ef
File: l3pdfmode.def 2015/11/11 v6250 L3 Experimental driver: PDF mode
\l__driver_color_stack_int=\count167
))
Package: xparse 2015/12/20 v6326 L3 Experimental document command parser
\l__xparse_current_arg_int=\count168
\l__xparse_m_args_int=\count169
\l__xparse_mandatory_args_int=\count170
\l__xparse_processor_int=\count171
\l__xparse_v_nesting_int=\count172
)
(/usr/local/Cluster-Apps/texlive/2015/texmf-dist/tex/latex/etoolbox/etoolbox.st
y
Package: etoolbox 2015/08/02 v2.2a e-TeX tools for LaTeX (JAW)
\etb@tempcnta=\count173
)
(/usr/local/Cluster-Apps/texlive/2015/texmf-dist/tex/latex/oberdiek/zref-abspag
e.sty
Package: zref-abspage 2012/04/04 v2.24 Module abspage for zref (HO)

(/usr/local/Cluster-Apps/texlive/2015/texmf-dist/tex/latex/oberdiek/zref-base.s
ty
Package: zref-base 2012/04/04 v2.24 Module base for zref (HO)
Package zref Info: New property list: main on input line 759.
Package zref Info: New property: default on input line 760.
Package zref Info: New property: page on input line 761.
)
\c@abspage=\count174
Package zref Info: New property: abspage on input line 62.
)
(/usr/local/Cluster-Apps/texlive/2015/texmf-dist/tex/latex/needspace/needspace.
sty
Package: needspace 2010/09/12 v1.3d reserve vertical space
)
\mdf@templength=\skip85
\c@mdf@globalstyle@cnt=\count175
\mdf@skipabove@length=\skip86
\mdf@skipbelow@length=\skip87
\mdf@leftmargin@length=\skip88
\mdf@rightmargin@length=\skip89
\mdf@innerleftmargin@length=\skip90
\mdf@innerrightmargin@length=\skip91
\mdf@innertopmargin@length=\skip92
\mdf@innerbottommargin@length=\skip93
\mdf@splittopskip@length=\skip94
\mdf@splitbottomskip@length=\skip95
\mdf@outermargin@length=\skip96
\mdf@innermargin@length=\skip97
\mdf@linewidth@length=\skip98
\mdf@innerlinewidth@length=\skip99
\mdf@middlelinewidth@length=\skip100
\mdf@outerlinewidth@length=\skip101
\mdf@roundcorner@length=\skip102
\mdf@footenotedistance@length=\skip103
\mdf@userdefinedwidth@length=\skip104
\mdf@needspace@length=\skip105
\mdf@frametitleaboveskip@length=\skip106
\mdf@frametitlebelowskip@length=\skip107
\mdf@frametitlerulewidth@length=\skip108
\mdf@frametitleleftmargin@length=\skip109
\mdf@frametitlerightmargin@length=\skip110
\mdf@shadowsize@length=\skip111
\mdf@extratopheight@length=\skip112
\mdf@subtitleabovelinewidth@length=\skip113
\mdf@subtitlebelowlinewidth@length=\skip114
\mdf@subtitleaboveskip@length=\skip115
\mdf@subtitlebelowskip@length=\skip116
\mdf@subtitleinneraboveskip@length=\skip117
\mdf@subtitleinnerbelowskip@length=\skip118
\mdf@subsubtitleabovelinewidth@length=\skip119
\mdf@subsubtitlebelowlinewidth@length=\skip120
\mdf@subsubtitleaboveskip@length=\skip121
\mdf@subsubtitlebelowskip@length=\skip122
\mdf@subsubtitleinneraboveskip@length=\skip123
\mdf@subsubtitleinnerbelowskip@length=\skip124

(/usr/local/Cluster-Apps/texlive/2015/texmf-dist/tex/latex/mdframed/md-frame-1.
mdf
File: md-frame-1.mdf 2013/07/01\ 1.9b: md-frame-1
)
\mdf@frametitlebox=\box63
\mdf@footnotebox=\box64
\mdf@splitbox@one=\box65
\mdf@splitbox@two=\box66
\mdf@splitbox@save=\box67
\mdfsplitboxwidth=\skip125
\mdfsplitboxtotalwidth=\skip126
\mdfsplitboxheight=\skip127
\mdfsplitboxdepth=\skip128
\mdfsplitboxtotalheight=\skip129
\mdfframetitleboxwidth=\skip130
\mdfframetitleboxtotalwidth=\skip131
\mdfframetitleboxheight=\skip132
\mdfframetitleboxdepth=\skip133
\mdfframetitleboxtotalheight=\skip134
\mdffootnoteboxwidth=\skip135
\mdffootnoteboxtotalwidth=\skip136
\mdffootnoteboxheight=\skip137
\mdffootnoteboxdepth=\skip138
\mdffootnoteboxtotalheight=\skip139
\mdftotallinewidth=\skip140
\mdfboundingboxwidth=\skip141
\mdfboundingboxtotalwidth=\skip142
\mdfboundingboxheight=\skip143
\mdfboundingboxdepth=\skip144
\mdfboundingboxtotalheight=\skip145
\mdf@freevspace@length=\skip146
\mdf@horizontalwidthofbox@length=\skip147
\mdf@verticalmarginwhole@length=\skip148
\mdf@horizontalspaceofbox=\skip149
\mdfsubtitleheight=\skip150
\mdfsubsubtitleheight=\skip151
\c@mdfcountframes=\count176

****** mdframed patching \endmdf@trivlist

****** -- success******

.................................................
. LaTeX info: "xparse/define-command"
. 
. Defining command \newmdtheoremenv with sig. 'O{} m o m o ' on line 601.
.................................................
.................................................
. LaTeX info: "xparse/define-command"
. 
. Defining command \mdtheorem with sig. ' O{} m o m o ' on line 701.
.................................................
\mdf@envdepth=\count177
\c@mdf@env@i=\count178
\c@mdf@env@ii=\count179
\c@mdf@zref@counter=\count180
Package zref Info: New property: mdf@pagevalue on input line 895.
)
(/usr/local/Cluster-Apps/texlive/2015/texmf-dist/tex/latex/appendix/appendix.st
y
Package: appendix 2009/09/02 v1.2b extra appendix facilities
\c@@pps=\count181
\c@@ppsavesec=\count182
\c@@ppsaveapp=\count183
)
(/usr/local/Cluster-Apps/texlive/2015/texmf-dist/tex/latex/todonotes/todonotes.
sty
Package: todonotes 2015/07/09 .dtx Todonotes source and documentation.
Package: todonotes 2012/07/25

(/usr/local/Cluster-Apps/texlive/2015/texmf-dist/tex/latex/xkeyval/xkeyval.sty
Package: xkeyval 2014/12/03 v2.7a package option processing (HA)

(/usr/local/Cluster-Apps/texlive/2015/texmf-dist/tex/generic/xkeyval/xkeyval.te
x
(/usr/local/Cluster-Apps/texlive/2015/texmf-dist/tex/generic/xkeyval/xkvutils.t
ex
\XKV@toks=\toks38
\XKV@tempa@toks=\toks39
)
\XKV@depth=\count184
File: xkeyval.tex 2014/12/03 v2.7a key=value parser (HA)
))
(/usr/local/Cluster-Apps/texlive/2015/texmf-dist/tex/generic/pgf/frontendlayer/
tikz/libraries/tikzlibrarypositioning.code.tex
File: tikzlibrarypositioning.code.tex 2008/10/06 v3.0.1a (rcs-revision 1.7)
)
\c@@todonotes@numberoftodonotes=\count185
)
(/usr/local/Cluster-Apps/texlive/2015/texmf-dist/tex/latex/tcolorbox/tcolorbox.
sty
Package: tcolorbox 2015/11/27 version 3.80 text color boxes

(/usr/local/Cluster-Apps/texlive/2015/texmf-dist/tex/latex/tools/verbatim.sty
Package: verbatim 2014/10/28 v1.5q LaTeX2e package for verbatim enhancements
\every@verbatim=\toks40
\verbatim@line=\toks41
\verbatim@in@stream=\read2
)
\tcb@titlebox=\box68
\tcb@upperbox=\box69
\tcb@lowerbox=\box70
\tcb@phantombox=\box71
\c@tcbbreakpart=\count186
\c@tcblayer=\count187
\tcolorbox@number=\count188
\tcb@temp=\box72
\tcb@temp=\box73
\tcb@temp=\box74
\tcb@temp=\box75
\tcb@out=\write4
\tcb@record@out=\write5
) (/usr/local/Cluster-Apps/texlive/2015/texmf-dist/tex/latex/tools/enumerate.st
y
Package: enumerate 2015/07/23 v3.00 enumerate extensions (DPC)
\@enLab=\toks42
)
(/usr/local/Cluster-Apps/texlive/2015/texmf-dist/tex/latex/enumitem/enumitem.st
y
Package: enumitem 2011/09/28 v3.5.2 Customized lists
\labelindent=\skip152
\enit@outerparindent=\dimen284
\enit@toks=\toks43
\enit@inbox=\box76
\enitdp@description=\count189
)
(/usr/local/Cluster-Apps/texlive/2015/texmf-dist/tex/latex/tools/showkeys.sty
Package: showkeys 2014/10/28 v3.17 Show cite and label keys (DPC, MH)
)
\c@theorem=\count190

(/usr/local/Cluster-Apps/texlive/2015/texmf-dist/tex/latex/scalerel/scalerel.st
y
Package: scalerel 2015/02/18 v1.7 Routines for constrained scaling and stretchi
ng of objects, relative to a reference object or in absolute terms
\thesrwidth=\skip153
\thesrheight=\skip154
\srblobheight=\skip155
\srblobdepth=\skip156
\mnxsrwidth=\skip157
\prebox=\box77
\LMex=\skip158
\LMpt=\skip159
) (./main.aux)
\openout1 = `main.aux'.

LaTeX Font Info:    Checking defaults for OML/cmm/m/it on input line 182.
LaTeX Font Info:    ... okay on input line 182.
LaTeX Font Info:    Checking defaults for T1/cmr/m/n on input line 182.
LaTeX Font Info:    ... okay on input line 182.
LaTeX Font Info:    Checking defaults for OT1/cmr/m/n on input line 182.
LaTeX Font Info:    ... okay on input line 182.
LaTeX Font Info:    Checking defaults for OMS/cmsy/m/n on input line 182.
LaTeX Font Info:    ... okay on input line 182.
LaTeX Font Info:    Checking defaults for OMX/cmex/m/n on input line 182.
LaTeX Font Info:    ... okay on input line 182.
LaTeX Font Info:    Checking defaults for U/cmr/m/n on input line 182.
LaTeX Font Info:    ... okay on input line 182.
LaTeX Font Info:    Checking defaults for PD1/pdf/m/n on input line 182.
LaTeX Font Info:    ... okay on input line 182.
LaTeX Font Info:    Try loading font information for U+msa on input line 182.

(/usr/local/Cluster-Apps/texlive/2015/texmf-dist/tex/latex/amsfonts/umsa.fd
File: umsa.fd 2013/01/14 v3.01 AMS symbols A
)
LaTeX Font Info:    Try loading font information for U+msb on input line 182.

(/usr/local/Cluster-Apps/texlive/2015/texmf-dist/tex/latex/amsfonts/umsb.fd
File: umsb.fd 2013/01/14 v3.01 AMS symbols B
)
LaTeX Font Info:    Try loading font information for U+rsfs on input line 182.

(/usr/local/Cluster-Apps/texlive/2015/texmf-dist/tex/latex/jknapltx/ursfs.fd
File: ursfs.fd 1998/03/24 rsfs font definition file (jk)
)
\AtBeginShipoutBox=\box78
Package hyperref Info: Link coloring ON on input line 182.

(/usr/local/Cluster-Apps/texlive/2015/texmf-dist/tex/latex/hyperref/nameref.sty
Package: nameref 2012/10/27 v2.43 Cross-referencing by name of section

(/usr/local/Cluster-Apps/texlive/2015/texmf-dist/tex/generic/oberdiek/gettitles
tring.sty
Package: gettitlestring 2010/12/03 v1.4 Cleanup title references (HO)
)
\c@section@level=\count191
)
LaTeX Info: Redefining \ref on input line 182.
LaTeX Info: Redefining \pageref on input line 182.
LaTeX Info: Redefining \nameref on input line 182.
 (./main.out) (./main.out)
\@outlinefile=\write6
\openout6 = `main.out'.


(/usr/local/Cluster-Apps/texlive/2015/texmf-dist/tex/context/base/supp-pdf.mkii
[Loading MPS to PDF converter (version 2006.09.02).]
\scratchcounter=\count192
\scratchdimen=\dimen285
\scratchbox=\box79
\nofMPsegments=\count193
\nofMParguments=\count194
\everyMPshowfont=\toks44
\MPscratchCnt=\count195
\MPscratchDim=\dimen286
\MPnumerator=\count196
\makeMPintoPDFobject=\count197
\everyMPtoPDFconversion=\toks45
)
(/usr/local/Cluster-Apps/texlive/2015/texmf-dist/tex/latex/oberdiek/epstopdf-ba
se.sty
Package: epstopdf-base 2010/02/09 v2.5 Base part for package epstopdf

(/usr/local/Cluster-Apps/texlive/2015/texmf-dist/tex/latex/oberdiek/grfext.sty
Package: grfext 2010/08/19 v1.1 Manage graphics extensions (HO)
)
Package grfext Info: Graphics extension search list:
(grfext)             [.png,.pdf,.jpg,.mps,.jpeg,.jbig2,.jb2,.PNG,.PDF,.JPG,.JPE
G,.JBIG2,.JB2,.eps]
(grfext)             \AppendGraphicsExtensions on input line 452.

(/usr/local/Cluster-Apps/texlive/2015/texmf-dist/tex/latex/latexconfig/epstopdf
-sys.cfg
File: epstopdf-sys.cfg 2010/07/13 v1.3 Configuration of (r)epstopdf for TeX Liv
e
)) ABD: EveryShipout initializing macros
Package caption Info: Begin \AtBeginDocument code.
Package caption Info: End \AtBeginDocument code.
 (./main.toc)
\tf@toc=\write7
\openout7 = `main.toc'.

 [1{/home/jhz22/.texlive2015/texmf-var/fonts/map/pdftex/updmap/pdftex.map}]
Underfull \vbox (badness 10000) has occurred while \output is active []

 [2]
[3]
Underfull \vbox (badness 10000) has occurred while \output is active []

 [4]
[5] [6]
LaTeX Font Info:    Try loading font information for U+euf on input line 339.

(/usr/local/Cluster-Apps/texlive/2015/texmf-dist/tex/latex/amsfonts/ueuf.fd
File: ueuf.fd 2013/01/14 v3.01 Euler Fraktur
)
Overfull \hbox (2.16719pt too wide) in paragraph at lines 367--368
[]\T1/cmr/m/it/10.95 Weight func-tions. \T1/cmr/m/n/10.95 Through-out the pa-pe
r we will be deal-ing with weight func-tions $\OML/cmm/m/it/10.95 w$ \T1/cmr/m/
n/10.95 on $[]\OT1/cmr/m/n/10.95 (\OMS/cmsy/m/n/10.95 O[]\OT1/cmr/m/n/10.95 )$\
T1/cmr/m/n/10.95 .
 []

[7pdfTeX warning (ext4): destination with the same identifier (name{theorem.2.1
}) has been already used, duplicate ignored

\AtBegShi@Output ...ipout \box \AtBeginShipoutBox 
                                                  \fi \fi 
l.371 ... + y \sqrt{-n}) f(x) f'(y),\end{equation}
                                                  ] [8pdfTeX warning (ext4): de
stination with the same identifier (name{theorem.2.2}) has been already used, d
uplicate ignored

\AtBegShi@Output ...ipout \box \AtBeginShipoutBox 
                                                  \fi \fi 
l.411 \begin{lemma}\label
                         {lem:sieve-input}pdfTeX warning (ext4): destination wi
th the same identifier (name{theorem.3.1}) has been already used, duplicate ign
ored

\AtBegShi@Output ...ipout \box \AtBeginShipoutBox 
                                                  \fi \fi 
l.411 \begin{lemma}\label
                         {lem:sieve-input}] [9pdfTeX warning (ext4): destinatio
n with the same identifier (name{theorem.3.2}) has been already used, duplicate
 ignored

\AtBegShi@Output ...ipout \box \AtBeginShipoutBox 
                                                  \fi \fi 
l.439 \end{align}
                 ] [10] [11] [12] [13pdfTeX warning (ext4): destination with th
e same identifier (name{theorem.3.3}) has been already used, duplicate ignored

\AtBegShi@Output ...ipout \box \AtBeginShipoutBox 
                                                  \fi \fi 
l.551 
      ] [14] [15] [16]pdfTeX warning (ext4): destination with the same identifi
er (name{theorem.3.4}) has been already used, duplicate ignored
<to be read again> 
                   \relax 
l.631 F
       ix $C\ge 28$. Let $K = \Q(\sqrt{-n})$, and suppose that $w : \Ideals(...
[17pdfTeX warning (ext4): destination with the same identifier (name{theorem.4.
1}) has been already used, duplicate ignored

\AtBegShi@Output ...ipout \box \AtBeginShipoutBox 
                                                  \fi \fi 
l.664 ...{\ell \in \Z} c(R,\ell) e(\ell \theta).\]
                                                  ] [18] [19] [20pdfTeX warning
 (ext4): destination with the same identifier (name{theorem.4.2}) has been alre
ady used, duplicate ignored

\AtBegShi@Output ...ipout \box \AtBeginShipoutBox 
                                                  \fi \fi 
l.750 ...k[X^{1/2}]}^{2^k}\ll_{A} (\log X)^{-A}.\]
                                                  pdfTeX warning (ext4): destin
ation with the same identifier (name{theorem.4.3}) has been already used, dupli
cate ignored

\AtBegShi@Output ...ipout \box \AtBeginShipoutBox 
                                                  \fi \fi 
l.750 ...k[X^{1/2}]}^{2^k}\ll_{A} (\log X)^{-A}.\]
                                                  ] [21pdfTeX warning (ext4): d
estination with the same identifier (name{theorem.4.4}) has been already used, 
duplicate ignored

\AtBegShi@Output ...ipout \box \AtBeginShipoutBox 
                                                  \fi \fi 
l.793 N
       ow the prime ideals $\mf{p}$ in $\O_K$ are of two types: those which ...
pdfTeX warning (ext4): destination with the same identifier (name{theorem.4.5})
 has been already used, duplicate ignored

\AtBegShi@Output ...ipout \box \AtBeginShipoutBox 
                                                  \fi \fi 
l.793 N
       ow the prime ideals $\mf{p}$ in $\O_K$ are of two types: those which ...
pdfTeX warning (ext4): destination with the same identifier (name{theorem.4.6})
 has been already used, duplicate ignored

\AtBegShi@Output ...ipout \box \AtBeginShipoutBox 
                                                  \fi \fi 
l.793 N
       ow the prime ideals $\mf{p}$ in $\O_K$ are of two types: those which ...
] [22] [23pdfTeX warning (ext4): destination with the same identifier (name{the
orem.5.1}) has been already used, duplicate ignored

\AtBegShi@Output ...ipout \box \AtBeginShipoutBox 
                                                  \fi \fi 
l.855 ...n \Z}f(x)\ol{f(x+t)}\Big|\ge \delta N. \]
                                                  pdfTeX warning (ext4): destin
ation with the same identifier (name{theorem.5.2}) has been already used, dupli
cate ignored

\AtBegShi@Output ...ipout \box \AtBeginShipoutBox 
                                                  \fi \fi 
l.855 ...n \Z}f(x)\ol{f(x+t)}\Big|\ge \delta N. \]
                                                  ] [24pdfTeX warning (ext4): d
estination with the same identifier (name{theorem.5.3}) has been already used, 
duplicate ignored

\AtBegShi@Output ...ipout \box \AtBeginShipoutBox 
                                                  \fi \fi 
l.888 ...n I_2}}f(ax + by)\Big|\ge \eta N^2/Q^2.\]
                                                  pdfTeX warning (ext4): destin
ation with the same identifier (name{theorem.5.4}) has been already used, dupli
cate ignored

\AtBegShi@Output ...ipout \box \AtBeginShipoutBox 
                                                  \fi \fi 
l.888 ...n I_2}}f(ax + by)\Big|\ge \eta N^2/Q^2.\]
                                                  ] [25] [26pdfTeX warning (ext
4): destination with the same identifier (name{theorem.5.5}) has been already u
sed, duplicate ignored

\AtBegShi@Output ...ipout \box \AtBeginShipoutBox 
                                                  \fi \fi 
l.953 \end{equation}
                    ] [27pdfTeX warning (ext4): destination with the same ident
ifier (name{theorem.6.1}) has been already used, duplicate ignored

\AtBegShi@Output ...ipout \box \AtBeginShipoutBox 
                                                  \fi \fi 
l.977 N
       ow define $\tilde\Psi_{\ell}(z) := (z/|z|)^{\ell} \tilde\Psi_0(z)$. T...
] [28] [29] [30] [31] [32] [33] [34pdfTeX warning (ext4): destination with the 
same identifier (name{theorem.7.1}) has been already used, duplicate ignored

\AtBegShi@Output ...ipout \box \AtBeginShipoutBox 
                                                  \fi \fi 
l.1146 \end{remark}
                   ] [35] [36] [37pdfTeX warning (ext4): destination with the s
ame identifier (name{theorem.8.1}) has been already used, duplicate ignored

\AtBegShi@Output ...ipout \box \AtBeginShipoutBox 
                                                  \fi \fi 
l.1249 \end{proof}
                  pdfTeX warning (ext4): destination with the same identifier (
name{theorem.8.2}) has been already used, duplicate ignored

\AtBegShi@Output ...ipout \box \AtBeginShipoutBox 
                                                  \fi \fi 
l.1249 \end{proof}
                  ] [38pdfTeX warning (ext4): destination with the same identif
ier (name{theorem.8.3}) has been already used, duplicate ignored

\AtBegShi@Output ...ipout \box \AtBeginShipoutBox 
                                                  \fi \fi 
l.1280 W
        rite $\mc{P}_Q$ for the set of primes $\le Q$, and for $S \subseteq ...
] [39pdfTeX warning (ext4): destination with the same identifier (name{theorem.
8.4}) has been already used, duplicate ignored

\AtBegShi@Output ...ipout \box \AtBeginShipoutBox 
                                                  \fi \fi 
l.1308 \end{proof}
                  ] [40pdfTeX warning (ext4): destination with the same identif
ier (name{theorem.8.5}) has been already used, duplicate ignored

\AtBegShi@Output ...ipout \box \AtBeginShipoutBox 
                                                  \fi \fi 
l.1342 \end{equation}
                     pdfTeX warning (ext4): destination with the same identifie
r (name{theorem.8.6}) has been already used, duplicate ignored

\AtBegShi@Output ...ipout \box \AtBeginShipoutBox 
                                                  \fi \fi 
l.1342 \end{equation}
                     ] [41] [42] [43pdfTeX warning (ext4): destination with the
 same identifier (name{theorem.8.7}) has been already used, duplicate ignored

\AtBegShi@Output ...ipout \box \AtBeginShipoutBox 
                                                  \fi \fi 
l.1422 A
        lternatively suppose $p \in S_1 \cap T$.  We have either (i) $p \mid...
] [44pdfTeX warning (ext4): destination with the same identifier (name{theorem.
8.8}) has been already used, duplicate ignored

\AtBegShi@Output ...ipout \box \AtBeginShipoutBox 
                                                  \fi \fi 
l.1463 ...\Delta}{p}}{p}\bigg)^{-1}.\end{equation}
                                                  ] [45] [46] [47] [48]
[49pdfTeX warning (ext4): destination with the same identifier (name{theorem.A.
1}) has been already used, duplicate ignored

\AtBegShi@Output ...ipout \box \AtBeginShipoutBox 
                                                  \fi \fi 
l.1608 ...mu_1,\ldots,\mu_{k-1}]}\bigg)^{1/2} . \]
                                                   Using H\"older's inequali...
] [50pdfTeX warning (ext4): destination with the same identifier (name{theorem.
A.2}) has been already used, duplicate ignored

\AtBegShi@Output ...ipout \box \AtBeginShipoutBox 
                                                  \fi \fi 
l.1644 W
        e begin by showing that the general case of \cref{lem:concat-main} f...
] [51] [52pdfTeX warning (ext4): destination with the same identifier (name{the
orem.B.1}) has been already used, duplicate ignored

\AtBegShi@Output ...ipout \box \AtBeginShipoutBox 
                                                  \fi \fi 
l.1706 ...;\nu_{1i},\dots, \nu_{ki}]}\ge \delta.\]
                                                  pdfTeX warning (ext4): destin
ation with the same identifier (name{theorem.B.2}) has been already used, dupli
cate ignored

\AtBegShi@Output ...ipout \box \AtBeginShipoutBox 
                                                  \fi \fi 
l.1706 ...;\nu_{1i},\dots, \nu_{ki}]}\ge \delta.\]
                                                  ] [53pdfTeX warning (ext4): d
estination with the same identifier (name{theorem.B.3}) has been already used, 
duplicate ignored

\AtBegShi@Output ...ipout \box \AtBeginShipoutBox 
                                                  \fi \fi 
l.1734 ...i'},\dots, \nu_{(k-1)i'}]}\end{equation}
                                                   for some functions $F_{\o...
]
Overfull \hbox (1.21315pt too wide) detected at line 1735
[] [] [] \OML/cmm/m/it/10.95 ^^W[]\OT1/cmr/m/n/10.95 (\OML/cmm/m/it/10.95 a[]\O
T1/cmr/m/n/10.95 )\OML/cmm/m/it/10.95 ^^W[]\OT1/cmr/m/n/10.95 (\OML/cmm/m/it/10
.95 b[]\OT1/cmr/m/n/10.95 )\OML/cmm/m/it/10.95 ^^W[]\OT1/cmr/m/n/10.95 (\OML/cm
m/m/it/10.95 a[]\OT1/cmr/m/n/10.95 )\OML/cmm/m/it/10.95 ^^W[]\OT1/cmr/m/n/10.95
 (\OML/cmm/m/it/10.95 b[]\OT1/cmr/m/n/10.95 )   []   \OMS/cmsy/m/n/10.95 C[]\OM
L/cmm/m/it/10.95 F[]\OT1/cmr/m/n/10.95 (\OML/cmm/m/it/10.95 x[] \OT1/cmr/m/n/10
.95 + (\OT1/cmr/bx/n/10.95 1 \OMS/cmsy/m/n/10.95 ^^@ \OML/cmm/m/it/10.95 !\OT1/
cmr/m/n/10.95 ) \OMS/cmsy/m/n/10.95 ^^A \OML/cmm/m/it/10.95 a \OT1/cmr/m/n/10.9
5 + \OML/cmm/m/it/10.95 ! \OMS/cmsy/m/n/10.95 ^^A \OML/cmm/m/it/10.95 b \OT1/cm
r/m/n/10.95 + (\OT1/cmr/bx/n/10.95 1 \OMS/cmsy/m/n/10.95 ^^@ \OML/cmm/m/it/10.9
5 ![]\OT1/cmr/m/n/10.95 ) \OMS/cmsy/m/n/10.95 ^^A \OML/cmm/m/it/10.95 a[] \OT1/
cmr/m/n/10.95 + \OML/cmm/m/it/10.95 ![] \OMS/cmsy/m/n/10.95 ^^A \OML/cmm/m/it/1
0.95 b[]\OT1/cmr/m/n/10.95 )\OML/cmm/m/it/10.95 :
 []

[54pdfTeX warning (ext4): destination with the same identifier (name{theorem.B.
4}) has been already used, duplicate ignored

\AtBegShi@Output ...ipout \box \AtBeginShipoutBox 
                                                  \fi \fi 
l.1769 \item I
              nclude $(u,t+1)$ in $\tilde E_k$.]
LaTeX Font Info:    Try loading font information for U+bbm on input line 1785.

(/usr/local/Cluster-Apps/texlive/2015/texmf-dist/tex/latex/bbm-macros/ubbm.fd
File: ubbm.fd 1999/03/15 V 1.2 Font definition for bbm font - TH
)
Overfull \hbox (2.00854pt too wide) detected at line 1792
[]     [] [][]\OT1/cmr/m/n/10.95 ^^A[][][][]^^A[]\OML/cmm/m/it/10.95 f[][][][] 
\OMS/cmsy/m/n/10.95 ^^] \OML/cmm/m/it/10.95 ^^N[];
 []

[55pdfTeX warning (ext4): destination with the same identifier (name{theorem.B.
5}) has been already used, duplicate ignored

\AtBegShi@Output ...ipout \box \AtBeginShipoutBox 
                                                  \fi \fi 
l.1804 \item $
              \tilde V_j$ contains $V_j \setminus \{t\}$ for $j \in [s-1]$;]
[56pdfTeX warning (ext4): destination with the same identifier (name{theorem.B.
6}) has been already used, duplicate ignored

\AtBegShi@Output ...ipout \box \AtBeginShipoutBox 
                                                  \fi \fi 
l.1849 \end{proposition}
                        pdfTeX warning (ext4): destination with the same identi
fier (name{theorem.C.1}) has been already used, duplicate ignored

\AtBegShi@Output ...ipout \box \AtBeginShipoutBox 
                                                  \fi \fi 
l.1849 \end{proposition}
                        ] [57pdfTeX warning (ext4): destination with the same i
dentifier (name{theorem.C.2}) has been already used, duplicate ignored

\AtBegShi@Output ...ipout \box \AtBeginShipoutBox 
                                                  \fi \fi 
l.1895 \end{proof}
                  pdfTeX warning (ext4): destination with the same identifier (
name{theorem.C.3}) has been already used, duplicate ignored

\AtBegShi@Output ...ipout \box \AtBeginShipoutBox 
                                                  \fi \fi 
l.1895 \end{proof}
                  pdfTeX warning (ext4): destination with the same identifier (
name{theorem.D.1}) has been already used, duplicate ignored

\AtBegShi@Output ...ipout \box \AtBeginShipoutBox 
                                                  \fi \fi 
l.1895 \end{proof}
                  pdfTeX warning (ext4): destination with the same identifier (
name{theorem.D.2}) has been already used, duplicate ignored

\AtBegShi@Output ...ipout \box \AtBeginShipoutBox 
                                                  \fi \fi 
l.1895 \end{proof}
                  pdfTeX warning (ext4): destination with the same identifier (
name{theorem.D.3}) has been already used, duplicate ignored

\AtBegShi@Output ...ipout \box \AtBeginShipoutBox 
                                                  \fi \fi 
l.1895 \end{proof}
                  ] (./main.bbl (./main.brf)
\tf@brf=\write8
\openout8 = `main.brf'.

 [58pdfTeX warning (ext4): destination with the same identifier (name{theorem.D
.4}) has been already used, duplicate ignored

\AtBegShi@Output ...ipout \box \AtBeginShipoutBox 
                                                  \fi \fi 
l.95 
     ]
LaTeX Font Info:    Try loading font information for T1+cmtt on input line 103.


(/usr/local/Cluster-Apps/texlive/2015/texmf-dist/tex/latex/base/t1cmtt.fd
File: t1cmtt.fd 2014/09/29 v2.5h Standard LaTeX font definitions
)
LaTeX Font Info:    Try loading font information for OMS+cmr on input line 134.


(/usr/local/Cluster-Apps/texlive/2015/texmf-dist/tex/latex/base/omscmr.fd
File: omscmr.fd 2014/09/29 v2.5h Standard LaTeX font definitions
)
LaTeX Font Info:    Font shape `OMS/cmr/m/n' in size <9> not available
(Font)              Font shape `OMS/cmsy/m/n' tried instead on input line 134.
)
Underfull \vbox (badness 10000) has occurred while \output is active []

 [59]
[60]
Package atveryend Info: Empty hook `BeforeClearDocument' on input line 1917.
Package atveryend Info: Empty hook `AfterLastShipout' on input line 1917.
 (./main.aux)
Package atveryend Info: Executing hook `AtVeryEndDocument' on input line 1917.
Package atveryend Info: Executing hook `AtEndAfterFileList' on input line 1917.

Package rerunfilecheck Info: File `main.out' has not changed.
(rerunfilecheck)             Checksum: 7F6BA7FF4F42081735C603FB3153B92C;948.
Package rerunfilecheck Info: File `main.brf' has not changed.
(rerunfilecheck)             Checksum: 00590BE477EA426A8EEC35D65D4B6A6A;4442.
Package atveryend Info: Empty hook `AtVeryVeryEnd' on input line 1917.
 )
(\end occurred inside a group at level 1)

### simple group (level 1) entered at line 1061 ({)
### bottom level 
Here is how much of TeX's memory you used:
 33067 strings out of 493054
 635583 string characters out of 6128969
 719595 words of memory out of 5000000
 35573 multiletter control sequences out of 15000+600000
 25969 words of font info for 78 fonts, out of 8000000 for 9000
 1302 hyphenation exceptions out of 8191
 55i,15n,73p,10410b,10061s stack positions out of 5000i,500n,10000p,200000b,80000s
{/usr/local/Cluster-Apps/texlive/2015/texmf-dist/fonts/enc/dvip
s/cm-super/cm-super-t1.enc} </home/jhz22/.texlive2015/texmf-var/fonts/pk/ljfour
/public/bbm/bbm10.657pk></usr/local/Cluster-Apps/texlive/2015/texmf-dist/fonts/
type1/public/amsfonts/cm/cmbx10.pfb></usr/local/Cluster-Apps/texlive/2015/texmf
-dist/fonts/type1/public/amsfonts/cm/cmbx8.pfb></usr/local/Cluster-Apps/texlive
/2015/texmf-dist/fonts/type1/public/amsfonts/cm/cmbx9.pfb></usr/local/Cluster-A
pps/texlive/2015/texmf-dist/fonts/type1/public/amsfonts/cm/cmex10.pfb></usr/loc
al/Cluster-Apps/texlive/2015/texmf-dist/fonts/type1/public/amsfonts/cmextra/cme
x8.pfb></usr/local/Cluster-Apps/texlive/2015/texmf-dist/fonts/type1/public/amsf
onts/cm/cmmi10.pfb></usr/local/Cluster-Apps/texlive/2015/texmf-dist/fonts/type1
/public/amsfonts/cm/cmmi6.pfb></usr/local/Cluster-Apps/texlive/2015/texmf-dist/
fonts/type1/public/amsfonts/cm/cmmi8.pfb></usr/local/Cluster-Apps/texlive/2015/
texmf-dist/fonts/type1/public/amsfonts/cm/cmmi9.pfb></usr/local/Cluster-Apps/te
xlive/2015/texmf-dist/fonts/type1/public/amsfonts/cm/cmr10.pfb></usr/local/Clus
ter-Apps/texlive/2015/texmf-dist/fonts/type1/public/amsfonts/cm/cmr6.pfb></usr/
local/Cluster-Apps/texlive/2015/texmf-dist/fonts/type1/public/amsfonts/cm/cmr8.
pfb></usr/local/Cluster-Apps/texlive/2015/texmf-dist/fonts/type1/public/amsfont
s/cm/cmr9.pfb></usr/local/Cluster-Apps/texlive/2015/texmf-dist/fonts/type1/publ
ic/amsfonts/cm/cmsy10.pfb></usr/local/Cluster-Apps/texlive/2015/texmf-dist/font
s/type1/public/amsfonts/cm/cmsy6.pfb></usr/local/Cluster-Apps/texlive/2015/texm
f-dist/fonts/type1/public/amsfonts/cm/cmsy8.pfb></usr/local/Cluster-Apps/texliv
e/2015/texmf-dist/fonts/type1/public/amsfonts/cm/cmsy9.pfb></usr/local/Cluster-
Apps/texlive/2015/texmf-dist/fonts/type1/public/amsfonts/euler/eufm10.pfb></usr
/local/Cluster-Apps/texlive/2015/texmf-dist/fonts/type1/public/amsfonts/euler/e
ufm7.pfb></usr/local/Cluster-Apps/texlive/2015/texmf-dist/fonts/type1/public/am
sfonts/symbols/msam10.pfb></usr/local/Cluster-Apps/texlive/2015/texmf-dist/font
s/type1/public/amsfonts/symbols/msbm10.pfb></usr/local/Cluster-Apps/texlive/201
5/texmf-dist/fonts/type1/public/cm-super/sfbx0900.pfb></usr/local/Cluster-Apps/
texlive/2015/texmf-dist/fonts/type1/public/cm-super/sfbx1095.pfb></usr/local/Cl
uster-Apps/texlive/2015/texmf-dist/fonts/type1/public/cm-super/sfcc0900.pfb></u
sr/local/Cluster-Apps/texlive/2015/texmf-dist/fonts/type1/public/cm-super/sfcc1
095.pfb></usr/local/Cluster-Apps/texlive/2015/texmf-dist/fonts/type1/public/cm-
super/sfrm0800.pfb></usr/local/Cluster-Apps/texlive/2015/texmf-dist/fonts/type1
/public/cm-super/sfrm0900.pfb></usr/local/Cluster-Apps/texlive/2015/texmf-dist/
fonts/type1/public/cm-super/sfrm1095.pfb></usr/local/Cluster-Apps/texlive/2015/
texmf-dist/fonts/type1/public/cm-super/sfti0900.pfb></usr/local/Cluster-Apps/te
xlive/2015/texmf-dist/fonts/type1/public/cm-super/sfti1095.pfb></usr/local/Clus
ter-Apps/texlive/2015/texmf-dist/fonts/type1/public/cm-super/sftt0900.pfb>
Output written on main.pdf (60 pages, 815722 bytes).
PDF statistics:
 1537 PDF objects out of 1728 (max. 8388607)
 1428 compressed objects within 15 object streams
 379 named destinations out of 1000 (max. 500000)
 117 words of extra memory for PDF output out of 10000 (max. 10000000)

