sending incremental file list
./
DESCRIPTION
LICENSE
NAMESPACE
NEWS.md
README.md
R/
R/csq.R
R/es.R
R/import_OpenGWAS.R
R/import_eQTLCatalogue.R
R/novelty_check.R
R/pQTLtools.R
R/pav.r
R/peptideAssociationPlot.R
R/phenoscanner.R
R/pqtlMR.R
R/qtl_lookup.R
R/run_TwoSampleMR.R
R/run_coloc.R
R/turboman.r
R/turboqq.r
R/uniprot2ids.R
data/
data/datalist
data/protein_altering_variants.rda
inst/
inst/README.md
inst/REFERENCES.bib
inst/PPI/
inst/PPI/README.md
inst/STRING/
inst/STRING/change_STRING_colors.py
inst/UniProt/
inst/UniProt/README.md
inst/UniProt/accession.py
inst/UniProt/gene.py
inst/UniProt/uniprot2ids.py
inst/eQTL-Catalogue/
inst/eQTL-Catalogue/column_names.Alasoo
inst/eQTL-Catalogue/column_names.CEDAR
inst/eQTL-Catalogue/column_names.GTEx
inst/eQTL-Catalogue/hg19ToHg38.over.chain
inst/eQTL-Catalogue/tabix_ftp_paths.tsv
inst/eQTL-Catalogue/tabix_ftp_paths_ge.tsv
inst/eQTL-Catalogue/tabix_ftp_paths_gtex.tsv
inst/scripts/
inst/scripts/cran.sb
inst/scripts/cran.sh
inst/scripts/docs.sh
inst/snakemake/
inst/snakemake/LICENSE
inst/snakemake/config.yaml
inst/snakemake/input/
inst/snakemake/input/MR.csv
inst/snakemake/input/Obs_HF.csv
inst/snakemake/input/Obs_HF2.csv
inst/snakemake/input/ld/
inst/snakemake/input/ld/CD40.ld
inst/snakemake/input/ld/CD40.snplist
inst/snakemake/input/ld/OPG.ld
inst/snakemake/input/ld/OPG.snplist
inst/snakemake/output/
inst/snakemake/output/MR/
inst/snakemake/workflow/
inst/snakemake/workflow/Snakefile
inst/snakemake/workflow/envs/
inst/snakemake/workflow/envs/conda.yaml
inst/snakemake/workflow/r/
inst/snakemake/workflow/r/MR_analysis.R
inst/snakemake/workflow/r/MR_functions.R
inst/snakemake/workflow/r/Obs_analysis.R
inst/snakemake/workflow/report/
inst/snakemake/workflow/report/workflow.rst
inst/tests/
inst/tests/IL.12B.txt
inst/tests/INF1.METAL
inst/tests/INF1.merge
inst/tests/Ins.csv
inst/tests/MMP.10-cis.mrx
inst/tests/OPG-rs2247769.RDS
inst/tests/Out.csv
inst/tests/PROC.rda
inst/tests/README.md
inst/tests/UKB-PPP.txt
inst/tests/annot.RDS
inst/tests/efo.txt
inst/tests/hgnc.rda
inst/tests/inf1.tmp
inst/tests/novel_data.rda
inst/tests/pQTL_genes.txt
inst/turboman/
inst/turboman/README.md
inst/turboman/turboman_hg19_reference_data.rda
inst/turboman/turboman_hg38_reference_data.rda
man/
man/blank_plot.Rd
man/clump_data.args.Rd
man/csq.Rd
man/extract_outcome_data.args.Rd
man/format_data.args.Rd
man/genequeries.Rd
man/get.prop.below.LLOD.Rd
man/harmonise_data.args.Rd
man/import_OpenGWAS.Rd
man/import_eQTLCatalogue.Rd
man/make_ExpressionSet.Rd
man/mr_forest_plot2.Rd
man/mr_funnel_plot2.Rd
man/mr_leaveoneout_plot2.Rd
man/mr_scatter_plot2.Rd
man/novelty_check.Rd
man/pQTLtools.Rd
man/peptideAssociationPlot.Rd
man/peptideMapping.Rd
man/pqtlMR.Rd
man/protein_altering_variants.Rd
man/qtl_lookup.Rd
man/regionqueries.Rd
man/run_TwoSampleMR.Rd
man/run_coloc.Rd
man/snpqueries.Rd
man/swap.Rd
man/turboman.Rd
man/turboqq.Rd
man/uniprot2ids.Rd
man/figures/
man/figures/ceu.svg
man/figures/logo.svg
vignettes/
vignettes/LocusZoom.js.Rmd
vignettes/SF-pQTL-GWAS.png
vignettes/bioconductor.Rmd
vignettes/dag.svg
vignettes/lz.html
vignettes/nature-genetics.csl
vignettes/pQTLtools.Rmd
vignettes/rulegraph.svg
vignettes/snakemake.Rmd
vignettes/stack.html
vignettes/data/
vignettes/data/A1BG-rs145685027.json
vignettes/data/ACE-rs4353.json
vignettes/data/top_hits.json

sent 4,831,989 bytes  received 2,443 bytes  1,933,772.80 bytes/sec
total size is 4,821,809  speedup is 1.00
