
heritability according to correlations

    h2    c2    e2    vh2    vc2     ve2
 0.359 0.284 0.356 0.0516 0.0362 0.00515
       mean     sd     lcl     ucl
h2  0.36468 0.1449 0.08059 0.64876
c2  0.27999 0.1299 0.02536 0.53461
e2  0.35534 0.0401 0.27670 0.43398
vh2 0.05163 0.0000 0.05163 0.05163
vc2 0.03616 0.0000 0.03616 0.03616
ve2 0.00515 0.0000 0.00515 0.00515
>      ACE_CI(mzw,dzw,n.sim=500,selV=selVars,verbose=FALSE)


heritability according to correlations

    h2      c2    e2   vh2    vc2     ve2
 0.751 -0.0199 0.269 0.027 0.0191 0.00261
        mean     sd      lcl     ucl
h2   0.75826 0.1232  0.51670 0.99982
c2  -0.02819 0.1161 -0.25573 0.19935
e2   0.26993 0.0234  0.22411 0.31575
vh2  0.02697 0.0000  0.02697 0.02697
vc2  0.01914 0.0000  0.01914 0.01914
ve2  0.00261 0.0000  0.00261 0.00261
