> f <- "ZPI_dr-1.tbl.gz"
> ?gap::qtlFinder
>        varlist=c("Chromosome","Position","MarkerName","Allele1","Allele2",
+                  "Freq1","FreqSE","MinFreq","MaxFreq",
+                  "Effect","StdErr","log10P","Direction",
+                  "HetISq","HetChiSq","HetDf","logHetP","N")
>        d <- read.table(f,col.names=varlist,check.names=FALSE)
> head(d)
  Chromosome Position                       MarkerName                Allele1
1          1    10177                     1:10177_A_AC                      a
2          1    10352                     1:10352_T_TA                      t
3          1    10539                      1:10539_A_C                      a
4          1    10616 1:10616_C_CCGCCGTTGCAAAGGCGCGCCG ccgccgttgcaaaggcgcgccg
5          1    10642                      1:10642_A_G                      a
6          1    11008                      1:11008_C_G                      c
  Allele2  Freq1 FreqSE MinFreq MaxFreq      Effect     StdErr log10P Direction
1      ac 0.6209 0.0073  0.6114  0.6368 -0.01934577 0.03359121  -0.25    --+???
2      ta 0.6147 0.0038  0.6122  0.6273 -0.05283738 0.03356320  -0.94    +--???
3       c 0.0019 0.0002  0.0015  0.0020  0.48061485 0.39345329  -0.65    ?+-???
4       c 0.0078 0.0006  0.0055  0.0083  0.04499036 0.18951367  -0.09    -++???
5       g 0.0012 0.0001  0.0011  0.0013  0.12977296 0.44677803  -0.11    ?++???
6       g 0.9231 0.0015  0.9224  0.9279  0.02133709 0.06211415  -0.14    --+???
  HetISq HetChiSq HetDf  logHetP    N
1   20.8    2.527     2 -0.54870 2491
2    5.2    2.109     2 -0.45790 2491
3   59.4    2.465     1 -0.93400 2295
4    0.0    0.590     2 -0.12820 2491
5    0.0    0.001     1 -0.01041 2295
6    0.0    0.418     2 -0.09076 2491
>
>       qtlFinder(d)
# A tibble: 43 × 14
# Groups:   chrom, regionStart, regionEnd [43]
   chrom     start      end rsid  a1    a2       EAF      b     SE mlog10p     n
   <chr>     <dbl>    <dbl> <chr> <chr> <chr>  <dbl>  <dbl>  <dbl>   <dbl> <int>
 1 chr1   27626659   2.76e7 1:27… a     g     0.0162  0.581 0.123     5.6   2491
 2 chr1  165685067   1.66e8 1:16… a     c     0.55   -0.135 0.0290    5.47  2491
 3 chr10  15722440   1.57e7 10:1… t     g     0.998   2.15  0.461     5.52  2295
 4 chr10 102506959   1.03e8 10:1… a     g     0.996  -1.27  0.260     5.97  2491
 5 chr11  33883524   3.39e7 11:3… t     c     0.999   2.68  0.597     5.17  1488
 6 chr11  87910276   8.79e7 11:8… a     c     0.995   0.995 0.203     6     2491
 7 chr12  26097119   2.61e7 12:2… t     c     0.943   0.262 0.0607    4.79  2491
 8 chr12  48898823   4.89e7 12:4… a     t     0.0022 -2.20  0.480     5.35  1684
 9 chr13 113800622   1.14e8 13:1… t     c     0.373  -0.541 0.0306   69.0   2491
10 chr14  94750486   9.48e7 14:9… t     c     0.989   1.52  0.136    28.5   2491
# ℹ 33 more rows
# ℹ 3 more variables: regionStart <dbl>, regionEnd <dbl>, .overlap <int>
# ℹ Use `print(n = ...)` to see more rows
Warning message:
The `min_overlap` argument of `bed_intersect()` is deprecated as of valr 0.8.0.
ℹ The default will change from 0 (book-ended intervals overlap) to 1 (strict overlap) in a future version.
ℹ Set `min_overlap = 0L` to keep the legacy behavior, or `min_overlap = 1L` for bedtools-compatible behavior.
ℹ The deprecated feature was likely used in the gap package.
  Please report the issue at <https://github.com/jinghuazhao/R/issues>.
This warning is displayed once per session.
Call `lifecycle::last_lifecycle_warnings()` to see where this warning was generated.
>       qtlFinder(d) |> data.frame
Error in data.frame :
  The pipe operator requires a function call as RHS (<input>:1:23)
>       qtlFinder(d) |> data.frame()
   chrom     start       end             rsid a1 a2    EAF          b
1   chr1  27626659  27626659   1:27626659_A_G  a  g 0.0162  0.5806392
2   chr1 165685067 165685067  1:165685067_A_C  a  c 0.5500 -0.1347955
3  chr10  15722440  15722440  10:15722440_G_T  t  g 0.9981  2.1518552
4  chr10 102506959 102506959 10:102506959_A_G  a  g 0.9957 -1.2687847
5  chr11  33883524  33883524  11:33883524_C_T  t  c 0.9986  2.6848900
6  chr11  87910276  87910276  11:87910276_A_C  a  c 0.9946  0.9947379
7  chr12  26097119  26097119  12:26097119_C_T  t  c 0.9433  0.2618795
8  chr12  48898823  48898823  12:48898823_A_T  a  t 0.0022 -2.2025813
9  chr13 113800622 113800622 13:113800622_C_T  t  c 0.3727 -0.5408552
10 chr14  94750486  94750486  14:94750486_C_T  t  c 0.9888  1.5206301
11 chr15  89617348  89617348  15:89617348_C_T  t  c 0.9975 -1.7204792
12 chr16   2775330   2775330   16:2775330_G_T  t  g 0.9984  1.8888622
13 chr16  79860398  79860398  16:79860398_A_G  a  g 0.9642  0.3671424
14 chr17    870488    870488    17:870488_A_G  a  g 0.0029 -1.3207157
15 chr17  63648321  63648321  17:63648321_C_T  t  c 0.9968  1.5589085
16 chr18  10898234  10898234  18:10898234_A_G  a  g 0.9983 -1.6296714
17 chr18  54947495  54947495  18:54947495_G_T  t  g 0.0453  0.3704999
18 chr19   2296953   2296953   19:2296953_C_T  t  c 0.9663  0.3536864
19 chr19  50806053  50806053  19:50806053_A_G  a  g 0.0627 -0.3022653
20  chr2  77245985  77245985   2:77245985_G_T  t  g 0.0198  0.5287792
21  chr2  92307996  92307996   2:92307996_C_G  c  g 0.0014  4.7119765
22  chr2 242047933 242047933  2:242047933_A_G  a  g 0.0029 -1.7520050
23 chr20  12085421  12085421  20:12085421_C_T  t  c 0.0021 -1.7061274
24 chr20  48534129  48534129  20:48534129_C_T  t  c 0.9969  2.3491981
25 chr21  10729207  10729207  21:10729207_A_G  a  g 0.9947  1.0613446
26 chr21  42215457  42215457  21:42215457_C_T  t  c 0.0030 -1.8210997
27 chr22  27251528  27251528  22:27251528_C_T  t  c 0.0092 -0.8306398
28 chr23  16318937  16318937   X:16318937_C_G  c  g 0.0020 -1.2325100
29 chr23 150097894 150097894  X:150097894_C_G  c  g 0.0526 -0.2656016
30  chr3  88093011  88093011   3:88093011_C_T  t  c 0.0014 -2.3988425
31  chr3 153129819 153129819  3:153129819_A_C  a  c 0.9846 -0.5444410
32  chr4   6016948   6016948    4:6016948_G_T  t  g 0.4613  0.1316922
33  chr4 101887661 101887661  4:101887661_A_C  a  c 0.0157  0.7131516
34  chr5   5191214   5191214    5:5191214_A_C  a  c 0.0015 -2.0746829
35  chr5  97255967  97255967   5:97255967_C_G  c  g 0.9577 -0.3850267
36  chr6  44287859  44287859   6:44287859_A_G  a  g 0.0030 -2.1645310
37  chr6 122008574 122008574  6:122008574_C_T  t  c 0.9154 -0.2276164
38  chr7  37414408  37414408   7:37414408_G_T  t  g 0.0016 -2.2801822
39  chr7 146703868 146703868  7:146703868_A_G  a  g 0.0019 -2.7508278
40  chr8  16720086  16720086   8:16720086_A_C  a  c 0.9961 -2.2477594
41  chr8  69268927  69268927   8:69268927_G_T  t  g 0.0018 -2.1803928
42  chr9   8835162   8835162    9:8835162_C_T  t  c 0.9988  3.4687000
43  chr9  89015900  89015900   9:89015900_A_G  a  g 0.0018 -1.9230789
           SE mlog10p    n regionStart regionEnd .overlap
1  0.12338248    5.60 2491       10177 121485143        0
2  0.02900866    5.47 2491   142535439 249240543        0
3  0.46093975    5.52 2295       60494  39154762        0
4  0.26021939    5.97 2491    42354982 135524373        0
5  0.59682200    5.17 1488       61395  51594133        0
6  0.20335486    6.00 2491    54694393 134946451        0
7  0.06074054    4.79 2491       60317  34856670        0
8  0.48006462    5.35 1684    37856765 133841616        0
9  0.03063907   69.01 2491    19020047 115109852        0
10 0.13550115   28.50 2491    19000059 107289436        0
11 0.38102706    5.20 2491    20000114 102521131        0
12 0.43142930    4.92 2491       60164  35285707        0
13 0.07914261    5.46 2491    46387351  90292788        0
14 0.30433683    4.85 2491          56  22263000        0
15 0.35627337    4.92 1684    25263387  81193095        0
16 0.39906228    4.35 2295       10644  15410706        0
17 0.08018414    5.42 2491    18511241  78017073        0
18 0.08078798    4.92 2491       62935  24629290        0
19 0.05797642    6.73 2491    27731832  59118924        0
20 0.11797300    5.13 2491       10181  90536656        0
21 1.12292199    4.57 2491    91595162  92326043        0
22 0.35321760    6.15 2295    95326452 243188367        0
23 0.39365141    4.83 2491       60828  26319535        0
24 0.51026458    5.38 2491    29419740  62965167        0
25 0.33837396    2.77 2491     9411245  11187951        0
26 0.39410884    5.42 2491    14338229  48119634        0
27 0.18154757    5.32 2491    16050115  51244237        0
28 0.28731100    4.75 1485       60425  58567580        0
29 0.05182906    6.53 2488    61682120 155260523        0
30 0.51107062    5.57 2295       60157  90504763        0
31 0.12276997    5.04 2491    93505006 197962381        0
32 0.02896686    5.26 2491       10005  49660011        0
33 0.14250945    6.25 2491    52660391 191043881        0
34 0.46687920    5.05 2491       10043  46405538        0
35 0.07322699    6.84 2491    49405663 180904689        0
36 0.40695904    6.98 2491       63979  58780039        0
37 0.05040003    5.20 2491    61880460 171053406        0
38 0.48821325    5.52 1684       15064  58054320        0
39 0.56584999    5.93 1684    61054350 159128567        0
40 0.44733863    6.30 2491       11774  43838482        0
41 0.44457528    6.03 2491    46839508 146303823        0
42 0.73980900    5.56 1488       10362  47267707        0
43 0.44005637    4.91 2295    65471484 141146683        0
>
> library(valr)
>
> p <- data.frame(
+   chrom = paste0("chr", d$Chromosome),
+   start = d$Position,
+   end   = d$Position
+ ) |>
+   valr::bed_sort()
>
> m <- valr::bed_merge(p, max_dist = 1e6)
>
> nrow(m)
[1] 43

> p <- data.frame(
+   chrom = paste0("chr", d$Chromosome),
+   start = d$Position,
+   end   = d$Position,
+   log10P = d$log10P
+ ) |>
+   valr::bed_sort()
>
> m <- valr::bed_merge(p, max_dist = 1e6)
>
> lead <- valr::bed_intersect(
+           p,
+           m,
+           suffix = c("", ".region"),
+           min_overlap = 0L
+         ) |>
+         dplyr::group_by(chrom,
+                         start.region,
+                         end.region) |>
+         dplyr::slice(which.min(log10P))
> lead
# A tibble: 43 × 7
# Groups:   chrom, start.region, end.region [43]
   chrom     start       end log10P start.region end.region .overlap
   <chr>     <dbl>     <dbl>  <dbl>        <dbl>      <dbl>    <int>
 1 chr1   27626659  27626659  -5.6         10177  121485143        0
 2 chr1  165685067 165685067  -5.47    142535439  249240543        0
 3 chr10  15722440  15722440  -5.52        60494   39154762        0
 4 chr10 102506959 102506959  -5.97     42354982  135524373        0
 5 chr11  33883524  33883524  -5.17        61395   51594133        0
 6 chr11  87910276  87910276  -6        54694393  134946451        0
 7 chr12  26097119  26097119  -4.79        60317   34856670        0
 8 chr12  48898823  48898823  -5.35     37856765  133841616        0
 9 chr13 113800622 113800622 -69.0      19020047  115109852        0
10 chr14  94750486  94750486 -28.5      19000059  107289436        0
# ℹ 33 more rows
# ℹ Use `print(n = ...)` to see more rows
